<?xml version="1.0" encoding="utf-8"?><testsuites name="pytest tests"><testsuite name="pytest" errors="0" failures="0" skipped="0" tests="11" time="1.985" timestamp="2026-02-19T07:04:37.364402+00:00" hostname="agent-env-87c7d324-40c2-48ed-9a98-f3206f1825c3"><testcase classname="backend.tests.test_p0_ui_improvements.TestAdminReservationsP0" name="test_admin_reservations_endpoint_returns_all_statuses" time="0.523" /><testcase classname="backend.tests.test_p0_ui_improvements.TestAdminReservationsP0" name="test_admin_reservations_filter_by_status_no_show" time="0.054" /><testcase classname="backend.tests.test_p0_ui_improvements.TestAdminReservationsP0" name="test_admin_reservations_filter_by_status_completed" time="0.057" /><testcase classname="backend.tests.test_p0_ui_improvements.TestAdminReservationsP0" name="test_admin_reservations_filter_by_building" time="0.113" /><testcase classname="backend.tests.test_p0_ui_improvements.TestAdminUserManagementP0" name="test_get_all_users_returns_list" time="0.053" /><testcase classname="backend.tests.test_p0_ui_improvements.TestAdminBuildingManagementP0" name="test_get_buildings_with_floors_and_slots" time="0.059" /><testcase classname="backend.tests.test_p0_ui_improvements.TestAttendantDashboardP0" name="test_attendant_buildings_endpoint" time="0.402" /><testcase classname="backend.tests.test_p0_ui_improvements.TestAttendantDashboardP0" name="test_attendant_daily_reservations_without_filter" time="0.060" /><testcase classname="backend.tests.test_p0_ui_improvements.TestAttendantDashboardP0" name="test_attendant_daily_reservations_with_building_filter" time="0.113" /><testcase classname="backend.tests.test_p0_ui_improvements.TestUserCannotAccessAttendantEndpoints" name="test_user_cannot_access_attendant_buildings" time="0.383" /><testcase classname="backend.tests.test_p0_ui_improvements.TestUserCannotAccessAttendantEndpoints" name="test_user_cannot_access_attendant_daily_reservations" time="0.059" /></testsuite></testsuites>