<?xml version="1.0" encoding="utf-8"?><testsuites name="pytest tests"><testsuite name="pytest" errors="0" failures="0" skipped="5" tests="15" time="5.366" timestamp="2026-02-23T11:25:58.361202+00:00" hostname="agent-env-1a66906a-1506-4e89-9735-8397432e1a34"><testcase classname="backend.tests.test_waitlist_hourly_timeline.TestParkingConfig" name="test_get_parking_config" time="0.555" /><testcase classname="backend.tests.test_waitlist_hourly_timeline.TestParkingConfig" name="test_save_parking_config_with_waitlist" time="0.380" /><testcase classname="backend.tests.test_waitlist_hourly_timeline.TestSlotsTimeline" name="test_get_slots_timeline" time="0.424" /><testcase classname="backend.tests.test_waitlist_hourly_timeline.TestWaitlistAPIs" name="test_get_waitlist_count" time="0.388" /><testcase classname="backend.tests.test_waitlist_hourly_timeline.TestWaitlistAPIs" name="test_get_waitlist_status" time="0.386" /><testcase classname="backend.tests.test_waitlist_hourly_timeline.TestWaitlistAPIs" name="test_join_waitlist" time="0.450" /><testcase classname="backend.tests.test_waitlist_hourly_timeline.TestWaitlistAPIs" name="test_leave_waitlist" time="0.514" /><testcase classname="backend.tests.test_waitlist_hourly_timeline.TestWaitlistAPIs" name="test_cannot_join_waitlist_twice" time="0.456" /><testcase classname="backend.tests.test_waitlist_hourly_timeline.TestHourlyBooking" name="test_reservation_with_hourly_times" time="0.098"><skipped type="pytest.skip" message="Login failed for user.test@cebuana.com: 429">/app/backend/tests/test_waitlist_hourly_timeline.py:45: Login failed for user.test@cebuana.com: 429</skipped></testcase><testcase classname="backend.tests.test_waitlist_hourly_timeline.TestHourlyBooking" name="test_multiple_bookings_same_slot_different_times" time="0.536" /><testcase classname="backend.tests.test_waitlist_hourly_timeline.TestHourlyBooking" name="test_overlapping_booking_rejected" time="0.616" /><testcase classname="backend.tests.test_waitlist_hourly_timeline.TestWaitlistNotifications" name="test_cancellation_triggers_notification" time="0.106"><skipped type="pytest.skip" message="Login failed for admin.test@cebuana.com: 429">/app/backend/tests/test_waitlist_hourly_timeline.py:45: Login failed for admin.test@cebuana.com: 429</skipped></testcase><testcase classname="backend.tests.test_waitlist_hourly_timeline.TestAdminWaitlistManagement" name="test_admin_can_view_building_waitlist" time="0.095"><skipped type="pytest.skip" message="Login failed for admin.test@cebuana.com: 429">/app/backend/tests/test_waitlist_hourly_timeline.py:45: Login failed for admin.test@cebuana.com: 429</skipped></testcase><testcase classname="backend.tests.test_waitlist_hourly_timeline.TestAdminWaitlistManagement" name="test_user_cannot_view_building_waitlist" time="0.123"><skipped type="pytest.skip" message="Login failed for user.test@cebuana.com: 429">/app/backend/tests/test_waitlist_hourly_timeline.py:45: Login failed for user.test@cebuana.com: 429</skipped></testcase><testcase classname="backend.tests.test_waitlist_hourly_timeline.TestSlotsAvailableWithTimeline" name="test_slots_available_returns_timeline_data" time="0.106"><skipped type="pytest.skip" message="Login failed for user.test@cebuana.com: 429">/app/backend/tests/test_waitlist_hourly_timeline.py:45: Login failed for user.test@cebuana.com: 429</skipped></testcase></testsuite></testsuites>