<?xml version="1.0" encoding="utf-8"?><testsuites name="pytest tests"><testsuite name="pytest" errors="0" failures="0" skipped="1" tests="27" time="4.809" timestamp="2026-02-23T12:40:37.840014+00:00" hostname="agent-env-1a66906a-1506-4e89-9735-8397432e1a34"><testcase classname="backend.tests.test_preproduction_scan.TestAuth" name="test_admin_login" time="0.597" /><testcase classname="backend.tests.test_preproduction_scan.TestAuth" name="test_user_login" time="0.329" /><testcase classname="backend.tests.test_preproduction_scan.TestAuth" name="test_attendant_login" time="0.339" /><testcase classname="backend.tests.test_preproduction_scan.TestAuth" name="test_invalid_login" time="0.098" /><testcase classname="backend.tests.test_preproduction_scan.TestAuth" name="test_role_based_access_admin_only" time="0.410" /><testcase classname="backend.tests.test_preproduction_scan.TestBuildings" name="test_get_buildings" time="0.085" /><testcase classname="backend.tests.test_preproduction_scan.TestBuildings" name="test_building_has_floors_and_slots" time="0.068" /><testcase classname="backend.tests.test_preproduction_scan.TestHourlyBooking" name="test_slots_available_with_timeline" time="0.062" /><testcase classname="backend.tests.test_preproduction_scan.TestHourlyBooking" name="test_overlap_validation_same_user" time="0.338" /><testcase classname="backend.tests.test_preproduction_scan.TestReservationManagement" name="test_get_user_reservations" time="0.088" /><testcase classname="backend.tests.test_preproduction_scan.TestReservationManagement" name="test_cancel_reservation" time="0.329" /><testcase classname="backend.tests.test_preproduction_scan.TestWaitlist" name="test_waitlist_count" time="0.059" /><testcase classname="backend.tests.test_preproduction_scan.TestWaitlist" name="test_waitlist_status" time="0.060" /><testcase classname="backend.tests.test_preproduction_scan.TestWaitlist" name="test_waitlist_join_and_leave" time="0.421" /><testcase classname="backend.tests.test_preproduction_scan.TestParkingConfig" name="test_get_parking_config" time="0.383" /><testcase classname="backend.tests.test_preproduction_scan.TestParkingConfig" name="test_save_parking_config" time="0.101" /><testcase classname="backend.tests.test_preproduction_scan.TestBuildingPolicies" name="test_get_building_policy" time="0.048" /><testcase classname="backend.tests.test_preproduction_scan.TestBuildingPolicies" name="test_slot_registrations_list" time="0.050" /><testcase classname="backend.tests.test_preproduction_scan.TestNotifications" name="test_get_notifications" time="0.055" /><testcase classname="backend.tests.test_preproduction_scan.TestNotifications" name="test_get_unread_count" time="0.051" /><testcase classname="backend.tests.test_preproduction_scan.TestNotifications" name="test_mark_all_read" time="0.066" /><testcase classname="backend.tests.test_preproduction_scan.TestZones" name="test_get_zones" time="0.048" /><testcase classname="backend.tests.test_preproduction_scan.TestZones" name="test_user_building_assignments" time="0.070" /><testcase classname="backend.tests.test_preproduction_scan.TestAttendant" name="test_attendant_daily_reservations" time="0.387" /><testcase classname="backend.tests.test_preproduction_scan.TestAttendant" name="test_attendant_buildings" time="0.053" /><testcase classname="backend.tests.test_preproduction_scan.TestQRCode" name="test_get_qr_code" time="0.058"><skipped type="pytest.skip" message="No active reservations to test QR">/app/backend/tests/test_preproduction_scan.py:500: No active reservations to test QR</skipped></testcase><testcase classname="backend.tests.test_preproduction_scan.TestReservationStats" name="test_get_user_stats" time="0.058" /></testsuite></testsuites>