<?xml version="1.0" encoding="utf-8"?><testsuites name="pytest tests"><testsuite name="pytest" errors="0" failures="1" skipped="0" tests="9" time="2.668" timestamp="2026-03-05T08:05:58.360389+00:00" hostname="agent-env-198dcc39-ea0c-4341-ba66-c48de68df6b9"><testcase classname="backend.tests.test_tcid_fixes.TestAttendantManagementTCID007" name="test_create_attendant_without_buildings_fails" time="0.529" /><testcase classname="backend.tests.test_tcid_fixes.TestAttendantManagementTCID007" name="test_create_attendant_with_null_buildings_fails" time="0.111" /><testcase classname="backend.tests.test_tcid_fixes.TestVehicleManagementTCID007008" name="test_plate_too_short_fails" time="0.451" /><testcase classname="backend.tests.test_tcid_fixes.TestVehicleManagementTCID007008" name="test_plate_too_long_fails" time="0.103" /><testcase classname="backend.tests.test_tcid_fixes.TestVehicleManagementTCID007008" name="test_plate_valid_length_succeeds" time="0.230" /><testcase classname="backend.tests.test_tcid_fixes.TestBuildingPoliciesTCID009" name="test_one_slot_per_building_validation" time="0.221" /><testcase classname="backend.tests.test_tcid_fixes.TestAttendantManagementTCID011" name="test_create_attendant_with_multiple_buildings" time="0.440" /><testcase classname="backend.tests.test_tcid_fixes.TestAPIHealth" name="test_api_accessible" time="0.111"><failure message="AssertionError: Health check failed: 404&#10;assert 404 == 200&#10; +  where 404 = &lt;Response [404]&gt;.status_code">backend/tests/test_tcid_fixes.py:277: in test_api_accessible
    assert response.status_code == 200, f"Health check failed: {response.status_code}"
E   AssertionError: Health check failed: 404
E   assert 404 == 200
E    +  where 404 = &lt;Response [404]&gt;.status_code</failure></testcase><testcase classname="backend.tests.test_tcid_fixes.TestAPIHealth" name="test_auth_login" time="0.342" /></testsuite></testsuites>