<?xml version="1.0" encoding="utf-8"?><testsuites name="pytest tests"><testsuite name="pytest" errors="0" failures="0" skipped="0" tests="5" time="3.250" timestamp="2026-02-19T14:06:14.527035+00:00" hostname="agent-env-87c7d324-40c2-48ed-9a98-f3206f1825c3"><testcase classname="tests.test_vapt_security_fixes.TestVAPTSecurityFixes" name="test_01_login_creates_session_and_returns_full_user_data" time="0.253" /><testcase classname="tests.test_vapt_security_fixes.TestVAPTSecurityFixes" name="test_02_auth_me_with_same_user_agent_and_no_pii" time="0.729" /><testcase classname="tests.test_vapt_security_fixes.TestVAPTSecurityFixes" name="test_03_auth_me_with_different_user_agent_returns_device_mismatch" time="0.728" /><testcase classname="tests.test_vapt_security_fixes.TestVAPTSecurityFixes" name="test_04_logout_revokes_session_and_blocks_replay" time="0.733" /><testcase classname="tests.test_vapt_security_fixes.TestVAPTSecurityFixes" name="test_05_admin_endpoints_still_work_after_vapt_fixes" time="0.755" /></testsuite></testsuites>