<?xml version="1.0" encoding="utf-8"?><testsuites name="pytest tests"><testsuite name="pytest" errors="0" failures="0" skipped="0" tests="22" time="3.532" timestamp="2026-02-18T11:05:04.692338+00:00" hostname="agent-env-5bf9a33d-dcb0-4335-8043-5406d717e555"><testcase classname="tests.test_parking_features.TestAuthentication" name="test_admin_login" time="0.471" /><testcase classname="tests.test_parking_features.TestAuthentication" name="test_user_login" time="0.347" /><testcase classname="tests.test_parking_features.TestAuthentication" name="test_attendant_login" time="0.339" /><testcase classname="tests.test_parking_features.TestUserManagement" name="test_get_all_users" time="0.109" /><testcase classname="tests.test_parking_features.TestUserManagement" name="test_get_buildings_for_assignment" time="0.110" /><testcase classname="tests.test_parking_features.TestUserManagement" name="test_assign_main_building_to_user" time="0.137" /><testcase classname="tests.test_parking_features.TestUserManagement" name="test_update_user_tags" time="0.210" /><testcase classname="tests.test_parking_features.TestUserManagement" name="test_remove_user_tags" time="0.105" /><testcase classname="tests.test_parking_features.TestZoneManagement" name="test_get_zones" time="0.110" /><testcase classname="tests.test_parking_features.TestZoneManagement" name="test_create_zone_with_buildings_and_users" time="0.111" /><testcase classname="tests.test_parking_features.TestZoneManagement" name="test_update_zone" time="0.098" /><testcase classname="tests.test_parking_features.TestZoneManagement" name="test_get_user_building_assignments" time="0.100" /><testcase classname="tests.test_parking_features.TestBuildingFloorLayout" name="test_get_buildings_with_floors" time="0.130" /><testcase classname="tests.test_parking_features.TestBuildingFloorLayout" name="test_floor_layout_endpoint_exists" time="0.102" /><testcase classname="tests.test_parking_features.TestMultiDateBooking" name="test_get_vehicles" time="0.105" /><testcase classname="tests.test_parking_features.TestMultiDateBooking" name="test_get_available_slots" time="0.097" /><testcase classname="tests.test_parking_features.TestMultiDateBooking" name="test_create_multi_date_reservation" time="0.147" /><testcase classname="tests.test_parking_features.TestMultiDateBooking" name="test_reject_more_than_7_dates" time="0.098" /><testcase classname="tests.test_parking_features.TestNoShowReporting" name="test_get_daily_reservations" time="0.117" /><testcase classname="tests.test_parking_features.TestNoShowReporting" name="test_report_no_show_endpoint" time="0.111" /><testcase classname="tests.test_parking_features.TestConfirmReservation" name="test_confirm_reservation_endpoint" time="0.106" /><testcase classname="tests.test_parking_features.TestCleanup" name="test_cleanup_test_zone" time="0.118" /></testsuite></testsuites>