<?xml version="1.0" encoding="utf-8"?><testsuites name="pytest tests"><testsuite name="pytest" errors="1" failures="0" skipped="0" tests="11" time="4.835" timestamp="2026-02-19T07:38:40.381111+00:00" hostname="agent-env-87c7d324-40c2-48ed-9a98-f3206f1825c3"><testcase classname="backend.tests.test_p2_notifications.TestNotificationEndpoints" name="test_get_notifications_requires_auth" time="0.157" /><testcase classname="backend.tests.test_p2_notifications.TestNotificationEndpoints" name="test_get_notifications_returns_list" time="0.373" /><testcase classname="backend.tests.test_p2_notifications.TestNotificationEndpoints" name="test_get_unread_count_requires_auth" time="0.160" /><testcase classname="backend.tests.test_p2_notifications.TestNotificationEndpoints" name="test_get_unread_count_returns_count" time="0.410" /><testcase classname="backend.tests.test_p2_notifications.TestNotificationEndpoints" name="test_mark_all_read_requires_auth" time="0.110" /><testcase classname="backend.tests.test_p2_notifications.TestNotificationEndpoints" name="test_mark_all_read_success" time="0.421" /><testcase classname="backend.tests.test_p2_notifications.TestNoShowReportWithNotification" name="test_report_no_show_creates_notification" time="1.612" /><testcase classname="backend.tests.test_p2_notifications.TestParkingConfigNoShowRelease" name="test_get_parking_config_includes_noshow_fields" time="0.430" /><testcase classname="backend.tests.test_p2_notifications.TestParkingConfigNoShowRelease" name="test_save_parking_config_with_noshow_fields" time="0.542" /><testcase classname="backend.tests.test_p2_notifications.TestParkingConfigNoShowRelease" name="test_parking_config_requires_admin" time="0.124"><error message="failed on setup with &quot;assert 429 == 200&#10; +  where 429 = &lt;Response [429]&gt;.status_code&quot;">backend/tests/test_p2_notifications.py:262: in user_session
    assert response.status_code == 200
E   assert 429 == 200
E    +  where 429 = &lt;Response [429]&gt;.status_code</error></testcase><testcase classname="backend.tests.test_p2_notifications.TestNotificationMarkSingleRead" name="test_mark_single_notification_read" time="0.424" /></testsuite></testsuites>