<?xml version="1.0" encoding="utf-8"?><testsuites name="pytest tests"><testsuite name="pytest" errors="0" failures="0" skipped="0" tests="15" time="2.797" timestamp="2026-02-10T08:19:02.452703+00:00" hostname="agent-env-ce78b27a-5de8-4968-9910-c876247c9ebd"><testcase classname="backend.tests.test_admin_features.TestUserBlockUnblock" name="test_block_user_success" time="0.585" /><testcase classname="backend.tests.test_admin_features.TestUserBlockUnblock" name="test_user_is_blocked_in_list" time="0.041" /><testcase classname="backend.tests.test_admin_features.TestUserBlockUnblock" name="test_blocked_user_cannot_create_reservation" time="0.143" /><testcase classname="backend.tests.test_admin_features.TestUserBlockUnblock" name="test_unblock_user_success" time="0.044" /><testcase classname="backend.tests.test_admin_features.TestUserBlockUnblock" name="test_user_is_unblocked_in_list" time="0.039" /><testcase classname="backend.tests.test_admin_features.TestUserBlockUnblock" name="test_block_admin_fails" time="0.042" /><testcase classname="backend.tests.test_admin_features.TestUserBlockUnblock" name="test_block_nonexistent_user_fails" time="0.039" /><testcase classname="backend.tests.test_admin_features.TestAdminReservations" name="test_get_all_reservations" time="0.667" /><testcase classname="backend.tests.test_admin_features.TestAdminReservations" name="test_filter_by_status" time="0.071" /><testcase classname="backend.tests.test_admin_features.TestAdminReservations" name="test_filter_by_building" time="0.119" /><testcase classname="backend.tests.test_admin_features.TestAdminReservations" name="test_admin_cancel_reservation" time="0.190" /><testcase classname="backend.tests.test_admin_features.TestAdminReservations" name="test_admin_cancel_nonexistent_reservation" time="0.037" /><testcase classname="backend.tests.test_admin_features.TestAdminReservations" name="test_regular_user_cannot_access_admin_reservations" time="0.040" /><testcase classname="backend.tests.test_admin_features.TestAdminReservations" name="test_regular_user_cannot_admin_cancel" time="0.109" /><testcase classname="backend.tests.test_admin_features.TestUserResponseStructure" name="test_users_list_has_is_blocked_field" time="0.575" /></testsuite></testsuites>