<?xml version="1.0" encoding="utf-8"?><testsuites name="pytest tests"><testsuite name="pytest" errors="0" failures="0" skipped="0" tests="15" time="31.737" timestamp="2026-05-05T03:59:34.345033+00:00" hostname="agent-env-198dcc39-ea0c-4341-ba66-c48de68df6b9"><testcase classname="backend.tests.test_floor_layout_storage.TestFloorLayoutHappyPath" name="test_upload_png_success_and_url_format" time="6.164" /><testcase classname="backend.tests.test_floor_layout_storage.TestFloorLayoutHappyPath" name="test_buildings_get_persists_layout_url" time="1.684" /><testcase classname="backend.tests.test_floor_layout_storage.TestFloorLayoutHappyPath" name="test_get_upload_byte_perfect_roundtrip" time="2.069" /><testcase classname="backend.tests.test_floor_layout_storage.TestFloorLayoutValidation" name="test_reject_non_image_content_type" time="0.868" /><testcase classname="backend.tests.test_floor_layout_storage.TestFloorLayoutValidation" name="test_reject_unsupported_extension" time="0.830" /><testcase classname="backend.tests.test_floor_layout_storage.TestFloorLayoutValidation" name="test_reject_oversized_payload" time="1.191" /><testcase classname="backend.tests.test_floor_layout_storage.TestFloorLayoutValidation" name="test_invalid_floor_id_returns_404" time="0.815" /><testcase classname="backend.tests.test_floor_layout_storage.TestFloorLayoutAuth" name="test_upload_requires_admin" time="1.814" /><testcase classname="backend.tests.test_floor_layout_storage.TestFloorLayoutAuth" name="test_delete_requires_admin" time="0.583" /><testcase classname="backend.tests.test_floor_layout_storage.TestFloorLayoutAuth" name="test_uploads_get_requires_auth" time="0.118" /><testcase classname="backend.tests.test_floor_layout_storage.TestServeUpload" name="test_unknown_filename_returns_404" time="0.548" /><testcase classname="backend.tests.test_floor_layout_storage.TestServeUpload" name="test_path_traversal_rejected" time="0.130" /><testcase classname="backend.tests.test_floor_layout_storage.TestServeUpload" name="test_disallowed_extension_rejected" time="0.560" /><testcase classname="backend.tests.test_floor_layout_storage.TestServeUpload" name="test_jpeg_content_type" time="2.690" /><testcase classname="backend.tests.test_floor_layout_storage.TestFloorLayoutDeleteCycle" name="test_full_upload_then_delete_clears_db_and_storage" time="11.587" /></testsuite></testsuites>