<?xml version="1.0" encoding="utf-8"?><testsuites name="pytest tests"><testsuite name="pytest" errors="0" failures="0" skipped="0" tests="12" time="2.439" timestamp="2026-02-22T04:38:04.544645+00:00" hostname="agent-env-25132e1a-92a4-4611-bcbc-4c99c20a12b1"><testcase classname="backend.tests.test_4_new_improvements.TestUserBookingTimes" name="test_create_user_with_booking_times" time="0.934" /><testcase classname="backend.tests.test_4_new_improvements.TestUserBookingTimes" name="test_update_user_booking_times" time="0.136" /><testcase classname="backend.tests.test_4_new_improvements.TestUserBookingTimes" name="test_auth_me_returns_booking_times" time="0.397" /><testcase classname="backend.tests.test_4_new_improvements.TestUserBookingTimes" name="test_get_users_includes_booking_times" time="0.093" /><testcase classname="backend.tests.test_4_new_improvements.TestSlotManagement" name="test_block_slot_with_maintenance_status" time="0.204" /><testcase classname="backend.tests.test_4_new_improvements.TestSlotManagement" name="test_unblock_slot_with_available_status" time="0.179" /><testcase classname="backend.tests.test_4_new_improvements.TestSlotManagement" name="test_invalid_status_rejected" time="0.133" /><testcase classname="backend.tests.test_4_new_improvements.TestSlotManagement" name="test_nonexistent_slot_returns_404" time="0.070" /><testcase classname="backend.tests.test_4_new_improvements.TestReservationsCRUD" name="test_get_user_reservations" time="0.055" /><testcase classname="backend.tests.test_4_new_improvements.TestReservationsCRUD" name="test_get_reservation_stats" time="0.053" /><testcase classname="backend.tests.test_4_new_improvements.TestReservationsCRUD" name="test_admin_get_reservations" time="0.069" /><testcase classname="backend.tests.test_4_new_improvements.TestZoneBuildingsEndpoint" name="test_get_user_buildings_endpoint" time="0.049" /></testsuite></testsuites>