<?xml version="1.0" encoding="utf-8"?><testsuites name="pytest tests"><testsuite name="pytest" errors="0" failures="0" skipped="0" tests="9" time="1.528" timestamp="2026-02-19T07:15:39.187393+00:00" hostname="agent-env-87c7d324-40c2-48ed-9a98-f3206f1825c3"><testcase classname="backend.tests.test_p1_settings.TestCSVTemplates" name="test_download_users_template" time="0.506" /><testcase classname="backend.tests.test_p1_settings.TestCSVTemplates" name="test_download_buildings_template" time="0.058" /><testcase classname="backend.tests.test_p1_settings.TestCSVTemplates" name="test_download_zones_template" time="0.063" /><testcase classname="backend.tests.test_p1_settings.TestCSVTemplates" name="test_templates_require_admin_auth" time="0.214" /><testcase classname="backend.tests.test_p1_settings.TestSiteContentAPI" name="test_get_site_content_public_no_auth" time="0.109" /><testcase classname="backend.tests.test_p1_settings.TestSiteContentAPI" name="test_update_site_content_requires_admin" time="0.095" /><testcase classname="backend.tests.test_p1_settings.TestSiteContentAPI" name="test_update_and_verify_site_content" time="0.113" /><testcase classname="backend.tests.test_p1_settings.TestSiteContentAPI" name="test_partial_update_site_content" time="0.105" /><testcase classname="backend.tests.test_p1_settings.TestSiteContentAPI" name="test_clear_announcement_and_reset" time="0.206" /></testsuite></testsuites>