<?xml version="1.0" encoding="utf-8"?><testsuites name="pytest tests"><testsuite name="pytest" errors="0" failures="0" skipped="0" tests="16" time="5.360" timestamp="2026-02-26T07:46:47.897870+00:00" hostname="agent-env-ab498c8e-7e72-4fe9-8e97-eec4ba659e67"><testcase classname="tests.test_new_features_iteration27.TestAdminCancelReservation" name="test_admin_cancel_endpoint_exists" time="0.745" /><testcase classname="tests.test_new_features_iteration27.TestAdminCancelReservation" name="test_admin_cancel_no_reason_required" time="0.673" /><testcase classname="tests.test_new_features_iteration27.TestAdminCancelReservation" name="test_admin_cancel_no_notification_created" time="0.000" /><testcase classname="tests.test_new_features_iteration27.TestMainBuildingExclusivity" name="test_parking_config_has_exclusivity_field" time="0.093" /><testcase classname="tests.test_new_features_iteration27.TestMainBuildingExclusivity" name="test_save_exclusivity_toggle" time="0.340" /><testcase classname="tests.test_new_features_iteration27.TestEventBlockingModule" name="test_event_blocks_list_endpoint" time="0.149" /><testcase classname="tests.test_new_features_iteration27.TestEventBlockingModule" name="test_event_blocks_requires_admin" time="0.099" /><testcase classname="tests.test_new_features_iteration27.TestEventBlockingModule" name="test_create_event_block" time="0.146" /><testcase classname="tests.test_new_features_iteration27.TestEventBlockingModule" name="test_event_block_creates_reservation_records" time="0.292" /><testcase classname="tests.test_new_features_iteration27.TestEventBlockingModule" name="test_event_block_rejects_overlapping_slots" time="0.108" /><testcase classname="tests.test_new_features_iteration27.TestEventBlockingModule" name="test_delete_event_block" time="0.199" /><testcase classname="tests.test_new_features_iteration27.TestPasswordFeatures" name="test_forgot_password_endpoint" time="0.108" /><testcase classname="tests.test_new_features_iteration27.TestPasswordFeatures" name="test_forgot_password_prevents_enumeration" time="0.099" /><testcase classname="tests.test_new_features_iteration27.TestPasswordFeatures" name="test_change_password_requires_current_password" time="0.100" /><testcase classname="tests.test_new_features_iteration27.TestPasswordFeatures" name="test_change_password_validates_current_password" time="0.325" /><testcase classname="tests.test_new_features_iteration27.TestPasswordFeatures" name="test_change_password_success" time="1.765" /></testsuite></testsuites>