<?xml version="1.0" encoding="utf-8"?><testsuites name="pytest tests"><testsuite name="pytest" errors="3" failures="0" skipped="0" tests="15" time="4.126" timestamp="2026-02-19T06:24:01.616714+00:00" hostname="agent-env-ecfac670-0684-4f7f-ac4f-cd6ad73db0ae"><testcase classname="backend.tests.test_iteration15_features.TestCSVTemplateDownloads" name="test_download_users_template" time="0.484" /><testcase classname="backend.tests.test_iteration15_features.TestCSVTemplateDownloads" name="test_download_buildings_template" time="0.442" /><testcase classname="backend.tests.test_iteration15_features.TestCSVTemplateDownloads" name="test_download_zones_template" time="0.416" /><testcase classname="backend.tests.test_iteration15_features.TestTemplatesRequireAdmin" name="test_users_template_requires_admin" time="0.381" /><testcase classname="backend.tests.test_iteration15_features.TestTemplatesRequireAdmin" name="test_buildings_template_requires_admin" time="0.442" /><testcase classname="backend.tests.test_iteration15_features.TestTemplatesRequireAdmin" name="test_zones_template_requires_admin" time="0.449" /><testcase classname="backend.tests.test_iteration15_features.TestLoginStillWorks" name="test_admin_login" time="0.357" /><testcase classname="backend.tests.test_iteration15_features.TestLoginStillWorks" name="test_user_login" time="0.338" /><testcase classname="backend.tests.test_iteration15_features.TestLoginStillWorks" name="test_invalid_login_fails" time="0.158" /><testcase classname="backend.tests.test_iteration15_features.TestAdminCanCreateUsers" name="test_admin_create_user" time="0.109"><error message="failed on setup with &quot;AssertionError: Admin login failed: {&quot;error&quot;:&quot;Rate limit exceeded: 5 per 1 minute&quot;}&#10;assert 429 == 200&#10; +  where 429 = &lt;Response [429]&gt;.status_code&quot;">backend/tests/test_iteration15_features.py:182: in setup
    assert login_response.status_code == 200, f"Admin login failed: {login_response.text}"
E   AssertionError: Admin login failed: {"error":"Rate limit exceeded: 5 per 1 minute"}
E   assert 429 == 200
E    +  where 429 = &lt;Response [429]&gt;.status_code</error><error message="failed on teardown with &quot;AttributeError: 'TestAdminCanCreateUsers' object has no attribute 'test_user_id'&quot;">backend/tests/test_iteration15_features.py:188: in teardown_method
    if self.test_user_id:
       ^^^^^^^^^^^^^^^^^
E   AttributeError: 'TestAdminCanCreateUsers' object has no attribute 'test_user_id'</error></testcase><testcase classname="backend.tests.test_iteration15_features.TestReservationStats" name="test_get_stats" time="0.135"><error message="failed on setup with &quot;AssertionError: User login failed: {&quot;error&quot;:&quot;Rate limit exceeded: 5 per 1 minute&quot;}&#10;assert 429 == 200&#10; +  where 429 = &lt;Response [429]&gt;.status_code&quot;">backend/tests/test_iteration15_features.py:245: in setup
    assert login_response.status_code == 200, f"User login failed: {login_response.text}"
E   AssertionError: User login failed: {"error":"Rate limit exceeded: 5 per 1 minute"}
E   assert 429 == 200
E    +  where 429 = &lt;Response [429]&gt;.status_code</error></testcase><testcase classname="backend.tests.test_iteration15_features.TestTemplatesUnauthenticated" name="test_users_template_requires_auth" time="0.098" /><testcase classname="backend.tests.test_iteration15_features.TestTemplatesUnauthenticated" name="test_buildings_template_requires_auth" time="0.108" /><testcase classname="backend.tests.test_iteration15_features.TestTemplatesUnauthenticated" name="test_zones_template_requires_auth" time="0.115" /></testsuite></testsuites>