<?xml version="1.0" encoding="utf-8"?><testsuites name="pytest tests"><testsuite name="pytest" errors="0" failures="0" skipped="1" tests="30" time="59.785" timestamp="2026-04-27T10:23:47.753919+00:00" hostname="agent-env-198dcc39-ea0c-4341-ba66-c48de68df6b9"><testcase classname="tests.test_vapt_retest_iteration37" name="test_v10_build_info_public" time="0.133" /><testcase classname="tests.test_vapt_retest_iteration37" name="test_v02a_parking_config_admin_full_fields" time="3.636" /><testcase classname="tests.test_vapt_retest_iteration37" name="test_v02a_parking_config_user_trimmed" time="3.116" /><testcase classname="tests.test_vapt_retest_iteration37" name="test_v02b_slot_regs_admin_sees_all" time="1.176" /><testcase classname="tests.test_vapt_retest_iteration37" name="test_v02b_slot_regs_user_scoped_to_self" time="1.638" /><testcase classname="tests.test_vapt_retest_iteration37" name="test_v02b_slot_regs_attendant_scoped_to_buildings" time="2.209" /><testcase classname="tests.test_vapt_retest_iteration37" name="test_v02b_user_cannot_view_other_users_regs" time="1.932" /><testcase classname="tests.test_vapt_retest_iteration37" name="test_v03_cors_fail_closed_local" time="0.002" /><testcase classname="tests.test_vapt_retest_iteration37" name="test_v08_csv_injection_post_users" time="2.832" /><testcase classname="tests.test_vapt_retest_iteration37" name="test_regression_admin_list_users" time="0.945" /><testcase classname="tests.test_vapt_retest_iteration37" name="test_regression_buildings_nested" time="1.618" /><testcase classname="tests.test_vapt_retest_iteration37" name="test_regression_user_login_basic_flows" time="0.985" /><testcase classname="tests.test_vapt_retest_iteration37" name="test_regression_db_info_admin" time="0.500" /><testcase classname="tests.test_vapt_retest_iteration37" name="test_regression_collection_stats_admin" time="1.766" /><testcase classname="tests.test_vapt_retest_iteration37" name="test_regression_v07_no_version_on_root" time="0.133" /><testcase classname="tests.test_vapt_retest_iteration37" name="test_regression_v01_bulk_upload_role_enforcement" time="3.477" /><testcase classname="tests.test_vapt_retest_iteration38" name="test_v08_put_user_sanitization_couchbase" time="4.547" /><testcase classname="tests.test_vapt_retest_iteration38" name="test_reservations_confirm_no_500_on_missing" time="1.715" /><testcase classname="tests.test_vapt_retest_iteration38" name="test_reservations_confirm_with_photo_no_500_on_missing" time="0.919" /><testcase classname="tests.test_vapt_retest_iteration38" name="test_reservations_confirm_full_lifecycle" time="4.827"><skipped type="pytest.skip" message="could not create reservation: 422 {&quot;detail&quot;:[{&quot;type&quot;:&quot;missing&quot;,&quot;loc&quot;:[&quot;body&quot;,&quot;dates&quot;],&quot;msg&quot;:&quot;Field required&quot;,&quot;input&quot;:{&quot;building_id&quot;:&quot;fe5ec3b7-38aa-48aa-8572-762afde16bec&quot;,&quot;floor_id&quot;:&quot;f12ee75b-1b83-45c3-9baa-050785300071&quot;,&quot;slot_id&quot;:&quot;09a857ac-ec5b-4dd8-a22f-3472a4ed64b2&quot;,&quot;vehicle_id&quot;:&quot;bdc18de0-042d-4203-b013-b09781cb7173&quot;,&quot;date&quot;:&quot;2026-04-28&quot;,&quot;start_time&quot;:&quot;08:00&quot;,&quot;end_time&quot;:&quot;10:00&quot;},&quot;url&quot;:&quot;https://errors.pydantic.dev/2.12/v/missing&quot;}]}">/app/backend/tests/test_vapt_retest_iteration38.py:196: could not create reservation: 422 {"detail":[{"type":"missing","loc":["body","dates"],"msg":"Field required","input":{"building_id":"fe5ec3b7-38aa-48aa-8572-762afde16bec","floor_id":"f12ee75b-1b83-45c3-9baa-050785300071","slot_id":"09a857ac-ec5b-4dd8-a22f-3472a4ed64b2","vehicle_id":"bdc18de0-042d-4203-b013-b09781cb7173","date":"2026-04-28","start_time":"08:00","end_time":"10:00"},"url":"https://errors.pydantic.dev/2.12/v/missing"}]}</skipped></testcase><testcase classname="tests.test_vapt_retest_iteration38" name="test_regression_admin_login" time="0.494" /><testcase classname="tests.test_vapt_retest_iteration38" name="test_regression_user_login" time="0.489" /><testcase classname="tests.test_vapt_retest_iteration38" name="test_regression_attendant_login" time="0.490" /><testcase classname="tests.test_vapt_retest_iteration38" name="test_regression_list_users" time="0.934" /><testcase classname="tests.test_vapt_retest_iteration38" name="test_regression_list_buildings_nested" time="1.383" /><testcase classname="tests.test_vapt_retest_iteration38" name="test_regression_reports_stats" time="2.041" /><testcase classname="tests.test_vapt_retest_iteration38" name="test_regression_system_db_info" time="0.498" /><testcase classname="tests.test_vapt_retest_iteration38" name="test_regression_system_collection_stats" time="1.674" /><testcase classname="tests.test_vapt_retest_iteration38" name="test_regression_system_build_info_public" time="0.117" /><testcase classname="tests.test_vapt_retest_iteration38" name="test_regression_system_sync_mongo_to_couchbase" time="13.488" /></testsuite></testsuites>