<?xml version="1.0" encoding="utf-8"?><testsuites name="pytest tests"><testsuite name="pytest" errors="0" failures="0" skipped="0" tests="20" time="30.689" timestamp="2026-04-27T13:00:28.030098+00:00" hostname="agent-env-198dcc39-ea0c-4341-ba66-c48de68df6b9"><testcase classname="tests.test_qat_4th_pass" name="test_admin_login" time="2.784" /><testcase classname="tests.test_qat_4th_pass" name="test_user_login" time="0.933" /><testcase classname="tests.test_qat_4th_pass" name="test_attendant_login" time="0.715" /><testcase classname="tests.test_qat_4th_pass" name="test_login_password_with_leading_space_returns_422" time="0.057" /><testcase classname="tests.test_qat_4th_pass" name="test_login_password_with_trailing_space_returns_422" time="0.049" /><testcase classname="tests.test_qat_4th_pass" name="test_login_password_only_whitespace_returns_422" time="0.055" /><testcase classname="tests.test_qat_4th_pass" name="test_change_password_same_as_current_rejected" time="2.227" /><testcase classname="tests.test_qat_4th_pass" name="test_auto_release_slots_imports_cleanly" time="0.221" /><testcase classname="tests.test_qat_4th_pass" name="test_parking_config_booking_window_999_rejected" time="2.746" /><testcase classname="tests.test_qat_4th_pass" name="test_parking_config_booking_window_zero_rejected" time="2.027" /><testcase classname="tests.test_qat_4th_pass" name="test_building_create_strict_30char_limit" time="0.583" /><testcase classname="tests.test_qat_4th_pass" name="test_building_update_permissive_long_name" time="8.089" /><testcase classname="tests.test_qat_4th_pass" name="test_event_blocks_validation_basic" time="1.980" /><testcase classname="tests.test_qat_4th_pass" name="test_list_users" time="1.017" /><testcase classname="tests.test_qat_4th_pass" name="test_list_buildings_nested" time="1.482" /><testcase classname="tests.test_qat_4th_pass" name="test_reports_stats" time="2.134" /><testcase classname="tests.test_qat_4th_pass" name="test_system_db_info" time="0.580" /><testcase classname="tests.test_qat_4th_pass" name="test_system_build_info" time="0.108" /><testcase classname="tests.test_qat_4th_pass" name="test_system_collection_stats" time="1.815" /><testcase classname="tests.test_qat_4th_pass" name="test_reservation_confirm_404_on_bogus_id" time="1.004" /></testsuite></testsuites>