<?xml version="1.0" encoding="utf-8"?><testsuites name="pytest tests"><testsuite name="pytest" errors="0" failures="0" skipped="0" tests="47" time="81.088" timestamp="2026-02-19T01:31:41.179226+00:00" hostname="agent-env-ecfac670-0684-4f7f-ac4f-cd6ad73db0ae"><testcase classname="backend.tests.test_security_rescan.TestAuthenticationCookies" name="test_login_sets_httponly_secure_cookie" time="0.442" /><testcase classname="backend.tests.test_security_rescan.TestAuthenticationCookies" name="test_logout_clears_cookie" time="0.567" /><testcase classname="backend.tests.test_security_rescan.TestAuthenticationCookies" name="test_blocked_user_token_rejected_with_403" time="4.524" /><testcase classname="backend.tests.test_security_rescan.TestJWTSecurity" name="test_expired_jwt_rejected" time="0.215" /><testcase classname="backend.tests.test_security_rescan.TestJWTSecurity" name="test_tampered_jwt_rejected" time="0.148" /><testcase classname="backend.tests.test_security_rescan.TestPasswordComplexity" name="test_short_password_rejected" time="0.187" /><testcase classname="backend.tests.test_security_rescan.TestPasswordComplexity" name="test_no_uppercase_rejected" time="0.123" /><testcase classname="backend.tests.test_security_rescan.TestPasswordComplexity" name="test_no_lowercase_rejected" time="0.122" /><testcase classname="backend.tests.test_security_rescan.TestPasswordComplexity" name="test_no_digit_rejected" time="0.119" /><testcase classname="backend.tests.test_security_rescan.TestRateLimiting" name="test_login_rate_limit_5_per_minute" time="1.607" /><testcase classname="backend.tests.test_security_rescan.TestRateLimiting" name="test_register_rate_limit_3_per_minute" time="62.174" /><testcase classname="backend.tests.test_security_rescan.TestAuthorizationRBAC" name="test_user_cannot_access_admin_endpoints_get_users" time="2.426" /><testcase classname="backend.tests.test_security_rescan.TestAuthorizationRBAC" name="test_user_cannot_access_admin_endpoints_post_buildings" time="0.067" /><testcase classname="backend.tests.test_security_rescan.TestAuthorizationRBAC" name="test_user_cannot_access_admin_endpoints_delete_building" time="0.208" /><testcase classname="backend.tests.test_security_rescan.TestAuthorizationRBAC" name="test_user_cannot_access_attendant_endpoints" time="0.059" /><testcase classname="backend.tests.test_security_rescan.TestAuthorizationRBAC" name="test_attendant_cannot_access_admin_endpoints" time="2.426" /><testcase classname="backend.tests.test_security_rescan.TestAuthorizationRBAC" name="test_attendant_cannot_create_building" time="0.056" /><testcase classname="backend.tests.test_security_rescan.TestUserDataIsolation" name="test_user_only_sees_own_reservations" time="0.123" /><testcase classname="backend.tests.test_security_rescan.TestUserDataIsolation" name="test_user_only_sees_own_vehicles" time="0.115" /><testcase classname="backend.tests.test_security_rescan.TestIDOR" name="test_cannot_cancel_another_users_reservation" time="0.191" /><testcase classname="backend.tests.test_security_rescan.TestIDOR" name="test_cannot_access_another_users_vehicle" time="0.263" /><testcase classname="backend.tests.test_security_rescan.TestPathTraversal" name="test_path_traversal_blocked_dotdot_env" time="0.166" /><testcase classname="backend.tests.test_security_rescan.TestPathTraversal" name="test_path_traversal_blocked_encoded" time="0.108" /><testcase classname="backend.tests.test_security_rescan.TestPathTraversal" name="test_path_traversal_double_encoded" time="0.120" /><testcase classname="backend.tests.test_security_rescan.TestFileUploadValidation" name="test_upload_rejects_html_extension" time="0.200" /><testcase classname="backend.tests.test_security_rescan.TestFileUploadValidation" name="test_upload_rejects_svg_extension" time="0.172" /><testcase classname="backend.tests.test_security_rescan.TestFileUploadValidation" name="test_upload_rejects_php_extension" time="0.140" /><testcase classname="backend.tests.test_security_rescan.TestTagInjection" name="test_tag_injection_only_vip_allowed" time="0.169" /><testcase classname="backend.tests.test_security_rescan.TestTagInjection" name="test_tag_injection_arbitrary_tag_blocked" time="0.123" /><testcase classname="backend.tests.test_security_rescan.TestNoSQLInjection" name="test_nosql_injection_login_mongodb_operators" time="0.134" /><testcase classname="backend.tests.test_security_rescan.TestNoSQLInjection" name="test_nosql_injection_login_ne_operator" time="0.153" /><testcase classname="backend.tests.test_security_rescan.TestXSSPrevention" name="test_xss_in_registration_fields" time="0.132" /><testcase classname="backend.tests.test_security_rescan.TestSecurityHeaders" name="test_x_content_type_options" time="0.113" /><testcase classname="backend.tests.test_security_rescan.TestSecurityHeaders" name="test_x_frame_options" time="0.151" /><testcase classname="backend.tests.test_security_rescan.TestSecurityHeaders" name="test_x_xss_protection" time="0.131" /><testcase classname="backend.tests.test_security_rescan.TestSecurityHeaders" name="test_strict_transport_security" time="0.107" /><testcase classname="backend.tests.test_security_rescan.TestSecurityHeaders" name="test_referrer_policy" time="0.107" /><testcase classname="backend.tests.test_security_rescan.TestCORS" name="test_cors_not_wildcard" time="0.072" /><testcase classname="backend.tests.test_security_rescan.TestDataExposure" name="test_users_endpoint_no_password_hash" time="0.078" /><testcase classname="backend.tests.test_security_rescan.TestDataExposure" name="test_no_mongodb_id_exposed" time="0.368" /><testcase classname="backend.tests.test_security_rescan.TestDataExposure" name="test_qr_codes_contain_only_token_url" time="0.152" /><testcase classname="backend.tests.test_security_rescan.TestDataExposure" name="test_error_messages_no_internal_details" time="0.143" /><testcase classname="backend.tests.test_security_rescan.TestSession" name="test_auth_me_requires_auth" time="0.115" /><testcase classname="backend.tests.test_security_rescan.TestSession" name="test_protected_endpoints_return_401_not_500" time="1.067" /><testcase classname="backend.tests.test_security_rescan.TestScanEndpoint" name="test_scan_endpoint_public_but_limited_info" time="0.289" /><testcase classname="backend.tests.test_security_rescan.TestScanEndpoint" name="test_invalid_qr_token_returns_404" time="0.154" /><testcase classname="backend.tests.test_security_rescan.TestScanEndpoint" name="test_random_qr_token_returns_404" time="0.146" /></testsuite></testsuites>