<?xml version="1.0" encoding="utf-8"?><testsuites name="pytest tests"><testsuite name="pytest" errors="0" failures="0" skipped="0" tests="19" time="6.409" timestamp="2026-02-10T01:32:48.477777+00:00" hostname="agent-env-ce78b27a-5de8-4968-9910-c876247c9ebd"><testcase classname="backend.tests.test_parking_api.TestAuthEndpoints" name="test_user_login_success" time="0.332" /><testcase classname="backend.tests.test_parking_api.TestAuthEndpoints" name="test_admin_login_success" time="0.264" /><testcase classname="backend.tests.test_parking_api.TestAuthEndpoints" name="test_attendant_login_success" time="0.276" /><testcase classname="backend.tests.test_parking_api.TestAuthEndpoints" name="test_login_invalid_credentials" time="0.284" /><testcase classname="backend.tests.test_parking_api.TestAuthEndpoints" name="test_auth_me_endpoint" time="0.324" /><testcase classname="backend.tests.test_parking_api.TestVehicleManagement" name="test_get_vehicles" time="0.354" /><testcase classname="backend.tests.test_parking_api.TestVehicleManagement" name="test_create_and_delete_vehicle" time="0.401" /><testcase classname="backend.tests.test_parking_api.TestBuildingManagement" name="test_get_buildings" time="0.324" /><testcase classname="backend.tests.test_parking_api.TestBuildingManagement" name="test_get_available_slots" time="0.358" /><testcase classname="backend.tests.test_parking_api.TestReservationSystem" name="test_get_reservations" time="0.316" /><testcase classname="backend.tests.test_parking_api.TestReservationSystem" name="test_qr_code_endpoint" time="0.351" /><testcase classname="backend.tests.test_parking_api.TestReservationSystem" name="test_create_reservation_with_repeat_weeks" time="0.588" /><testcase classname="backend.tests.test_parking_api.TestReservationSystem" name="test_cancel_reservation" time="0.360" /><testcase classname="backend.tests.test_parking_api.TestAttendantFeatures" name="test_get_daily_reservations" time="0.339" /><testcase classname="backend.tests.test_parking_api.TestAttendantFeatures" name="test_confirm_reservation_endpoint" time="0.331" /><testcase classname="backend.tests.test_parking_api.TestAdminFeatures" name="test_get_users_list" time="0.305" /><testcase classname="backend.tests.test_parking_api.TestAdminFeatures" name="test_get_report_stats" time="0.314" /><testcase classname="backend.tests.test_parking_api.TestAdminFeatures" name="test_parking_config_endpoint" time="0.383" /><testcase classname="backend.tests.test_parking_api.TestAPIRoot" name="test_api_root" time="0.071" /></testsuite></testsuites>