<?xml version="1.0" encoding="utf-8"?><testsuites name="pytest tests"><testsuite name="pytest" errors="0" failures="0" skipped="0" tests="15" time="2.874" timestamp="2026-04-24T10:03:39.245638+00:00" hostname="agent-env-198dcc39-ea0c-4341-ba66-c48de68df6b9"><testcase classname="backend.tests.test_db_abstraction.TestAuth" name="test_login_admin" time="0.390" /><testcase classname="backend.tests.test_db_abstraction.TestAuth" name="test_login_bad_creds" time="0.107" /><testcase classname="backend.tests.test_db_abstraction.TestAuth" name="test_auth_me" time="0.405" /><testcase classname="backend.tests.test_db_abstraction.TestAuth" name="test_logout" time="0.373" /><testcase classname="backend.tests.test_db_abstraction.TestDbInfo" name="test_unauthenticated_blocked" time="0.119" /><testcase classname="backend.tests.test_db_abstraction.TestDbInfo" name="test_non_admin_forbidden" time="0.416" /><testcase classname="backend.tests.test_db_abstraction.TestDbInfo" name="test_admin_payload_shape" time="0.064" /><testcase classname="backend.tests.test_db_abstraction.TestUsers" name="test_list_users" time="0.050" /><testcase classname="backend.tests.test_db_abstraction.TestUsers" name="test_create_update_delete_user" time="0.560" /><testcase classname="backend.tests.test_db_abstraction.TestBuildings" name="test_list_buildings_nested" time="0.057" /><testcase classname="backend.tests.test_db_abstraction.TestReadOnly" name="test_reservations_list" time="0.064" /><testcase classname="backend.tests.test_db_abstraction.TestReadOnly" name="test_reports_stats" time="0.049" /><testcase classname="backend.tests.test_db_abstraction.TestReadOnly" name="test_notifications" time="0.051" /><testcase classname="backend.tests.test_db_abstraction.TestReadOnly" name="test_zones" time="0.056" /><testcase classname="backend.tests.test_db_abstraction.TestReadOnly" name="test_vehicles" time="0.048" /></testsuite></testsuites>