<?xml version="1.0" encoding="utf-8"?><testsuites name="pytest tests"><testsuite name="pytest" errors="0" failures="1" skipped="0" tests="16" time="27.652" timestamp="2026-04-27T10:16:54.993525+00:00" hostname="agent-env-198dcc39-ea0c-4341-ba66-c48de68df6b9"><testcase classname="tests.test_vapt_retest_iteration37" name="test_v10_build_info_public" time="3.506" /><testcase classname="tests.test_vapt_retest_iteration37" name="test_v02a_parking_config_admin_full_fields" time="3.412" /><testcase classname="tests.test_vapt_retest_iteration37" name="test_v02a_parking_config_user_trimmed" time="3.146" /><testcase classname="tests.test_vapt_retest_iteration37" name="test_v02b_slot_regs_admin_sees_all" time="1.185" /><testcase classname="tests.test_vapt_retest_iteration37" name="test_v02b_slot_regs_user_scoped_to_self" time="1.215" /><testcase classname="tests.test_vapt_retest_iteration37" name="test_v02b_slot_regs_attendant_scoped_to_buildings" time="2.243" /><testcase classname="tests.test_vapt_retest_iteration37" name="test_v02b_user_cannot_view_other_users_regs" time="1.947" /><testcase classname="tests.test_vapt_retest_iteration37" name="test_v03_cors_fail_closed_local" time="0.002" /><testcase classname="tests.test_vapt_retest_iteration37" name="test_v08_csv_injection_post_users" time="1.668"><failure message="AssertionError: update failed: 500 Internal Server Error&#10;assert 500 == 200&#10; +  where 500 = &lt;Response [500]&gt;.status_code">tests/test_vapt_retest_iteration37.py:210: in test_v08_csv_injection_post_users
    assert r2.status_code == 200, f"update failed: {r2.status_code} {r2.text}"
E   AssertionError: update failed: 500 Internal Server Error
E   assert 500 == 200
E    +  where 500 = &lt;Response [500]&gt;.status_code</failure></testcase><testcase classname="tests.test_vapt_retest_iteration37" name="test_regression_admin_list_users" time="0.950" /><testcase classname="tests.test_vapt_retest_iteration37" name="test_regression_buildings_nested" time="1.406" /><testcase classname="tests.test_vapt_retest_iteration37" name="test_regression_user_login_basic_flows" time="0.989" /><testcase classname="tests.test_vapt_retest_iteration37" name="test_regression_db_info_admin" time="0.501" /><testcase classname="tests.test_vapt_retest_iteration37" name="test_regression_collection_stats_admin" time="1.715" /><testcase classname="tests.test_vapt_retest_iteration37" name="test_regression_v07_no_version_on_root" time="0.137" /><testcase classname="tests.test_vapt_retest_iteration37" name="test_regression_v01_bulk_upload_role_enforcement" time="3.536" /></testsuite></testsuites>