<?xml version="1.0" encoding="utf-8"?><testsuites name="pytest tests"><testsuite name="pytest" errors="0" failures="0" skipped="5" tests="26" time="15.529" timestamp="2026-02-19T00:43:58.384789+00:00" hostname="agent-env-ecfac670-0684-4f7f-ac4f-cd6ad73db0ae"><testcase classname="backend.tests.test_security.TestAuthenticationSecurity" name="test_login_valid_credentials" time="0.717" /><testcase classname="backend.tests.test_security.TestAuthenticationSecurity" name="test_login_invalid_credentials" time="0.399" /><testcase classname="backend.tests.test_security.TestAuthenticationSecurity" name="test_login_nonexistent_user" time="0.135" /><testcase classname="backend.tests.test_security.TestPasswordComplexity" name="test_register_weak_password_short" time="0.157" /><testcase classname="backend.tests.test_security.TestPasswordComplexity" name="test_register_weak_password_no_uppercase" time="0.116" /><testcase classname="backend.tests.test_security.TestPasswordComplexity" name="test_register_weak_password_no_lowercase" time="0.124" /><testcase classname="backend.tests.test_security.TestPasswordComplexity" name="test_register_weak_password_no_digit" time="0.144" /><testcase classname="backend.tests.test_security.TestPasswordComplexity" name="test_register_valid_password" time="0.352" /><testcase classname="backend.tests.test_security.TestPathTraversal" name="test_path_traversal_dotdot_in_filename" time="0.112" /><testcase classname="backend.tests.test_security.TestPathTraversal" name="test_path_traversal_blocked_encoded" time="0.112" /><testcase classname="backend.tests.test_security.TestPathTraversal" name="test_path_traversal_invalid_chars" time="0.121" /><testcase classname="backend.tests.test_security.TestPathTraversal" name="test_path_traversal_normal_file" time="0.161" /><testcase classname="backend.tests.test_security.TestSecurityHeaders" name="test_security_headers_on_api_root" time="0.125" /><testcase classname="backend.tests.test_security.TestSecurityHeaders" name="test_security_headers_on_login" time="0.351" /><testcase classname="backend.tests.test_security.TestTagValidation" name="test_tag_update_valid_vip" time="0.756" /><testcase classname="backend.tests.test_security.TestTagValidation" name="test_tag_update_valid_group_head" time="0.682" /><testcase classname="backend.tests.test_security.TestTagValidation" name="test_tag_update_invalid_admin_tag" time="0.728" /><testcase classname="backend.tests.test_security.TestTagValidation" name="test_tag_update_invalid_superuser_tag" time="0.703" /><testcase classname="backend.tests.test_security.TestRateLimiting" name="test_login_rate_limit" time="1.639" /><testcase classname="backend.tests.test_security.TestRateLimiting" name="test_register_rate_limit" time="2.029" /><testcase classname="backend.tests.test_security.TestBlockedUserToken" name="test_blocked_user_cannot_use_token" time="3.139"><skipped type="pytest.skip" message="Rate limited - try again later">/app/backend/tests/test_security.py:381: Rate limited - try again later</skipped></testcase><testcase classname="backend.tests.test_security.TestAdminFunctionalityAfterSecurityFixes" name="test_admin_can_list_users" time="2.121"><skipped type="pytest.skip" message="Rate limited - try again later">/app/backend/tests/test_security.py:480: Rate limited - try again later</skipped></testcase><testcase classname="backend.tests.test_security.TestAdminFunctionalityAfterSecurityFixes" name="test_admin_can_list_buildings" time="0.113"><skipped type="pytest.skip" message="Rate limited">/app/backend/tests/test_security.py:500: Rate limited</skipped></testcase><testcase classname="backend.tests.test_security.TestAdminFunctionalityAfterSecurityFixes" name="test_admin_can_list_vehicles" time="0.118"><skipped type="pytest.skip" message="Rate limited">/app/backend/tests/test_security.py:520: Rate limited</skipped></testcase><testcase classname="backend.tests.test_security.TestUserReservationAccess" name="test_user_can_view_reservations" time="0.138"><skipped type="pytest.skip" message="Could not login as user">/app/backend/tests/test_security.py:546: Could not login as user</skipped></testcase><testcase classname="backend.tests.test_security.TestAPIRootEndpoint" name="test_api_root_returns_response" time="0.154" /></testsuite></testsuites>