<?xml version="1.0" encoding="utf-8"?><testsuites name="pytest tests"><testsuite name="pytest" errors="0" failures="0" skipped="0" tests="28" time="3.494" timestamp="2026-02-22T05:57:45.347468+00:00" hostname="agent-env-7b71d46d-7648-4d4a-a69c-519616092b36"><testcase classname="tests.test_comprehensive_regression.TestAuthProtection" name="test_vehicles_requires_auth" time="0.194" /><testcase classname="tests.test_comprehensive_regression.TestAuthProtection" name="test_reservations_requires_auth" time="0.113" /><testcase classname="tests.test_comprehensive_regression.TestAuthProtection" name="test_buildings_requires_auth" time="0.142" /><testcase classname="tests.test_comprehensive_regression.TestAuthProtection" name="test_users_requires_auth" time="0.097" /><testcase classname="tests.test_comprehensive_regression.TestLoginFlows" name="test_admin_login" time="0.405" /><testcase classname="tests.test_comprehensive_regression.TestLoginFlows" name="test_user_login" time="0.365" /><testcase classname="tests.test_comprehensive_regression.TestLoginFlows" name="test_attendant_login" time="0.370" /><testcase classname="tests.test_comprehensive_regression.TestLoginFlows" name="test_invalid_login" time="0.105" /><testcase classname="tests.test_comprehensive_regression.TestUserDashboardData" name="test_get_vehicles" time="0.047" /><testcase classname="tests.test_comprehensive_regression.TestUserDashboardData" name="test_get_reservations" time="0.052" /><testcase classname="tests.test_comprehensive_regression.TestUserDashboardData" name="test_get_buildings" time="0.058" /><testcase classname="tests.test_comprehensive_regression.TestUserDashboardData" name="test_get_reservation_stats" time="0.048" /><testcase classname="tests.test_comprehensive_regression.TestUserDashboardData" name="test_get_zone_buildings" time="0.051" /><testcase classname="tests.test_comprehensive_regression.TestAdminDashboardData" name="test_admin_get_users" time="0.075" /><testcase classname="tests.test_comprehensive_regression.TestAdminDashboardData" name="test_admin_get_reservations" time="0.071" /><testcase classname="tests.test_comprehensive_regression.TestAdminDashboardData" name="test_admin_get_report_stats" time="0.058" /><testcase classname="tests.test_comprehensive_regression.TestAdminDashboardData" name="test_admin_get_zones" time="0.046" /><testcase classname="tests.test_comprehensive_regression.TestAdminDashboardData" name="test_user_cannot_access_admin_endpoints" time="0.096" /><testcase classname="tests.test_comprehensive_regression.TestAttendantDashboardData" name="test_attendant_get_daily_reservations" time="0.052" /><testcase classname="tests.test_comprehensive_regression.TestAttendantDashboardData" name="test_attendant_get_buildings" time="0.071" /><testcase classname="tests.test_comprehensive_regression.TestBookingFlow" name="test_get_available_slots" time="0.108" /><testcase classname="tests.test_comprehensive_regression.TestBookingFlow" name="test_create_and_cancel_reservation" time="0.247" /><testcase classname="tests.test_comprehensive_regression.TestProfileAndPreferences" name="test_update_booking_preferences" time="0.096" /><testcase classname="tests.test_comprehensive_regression.TestProfileAndPreferences" name="test_reset_booking_preferences" time="0.045" /><testcase classname="tests.test_comprehensive_regression.TestNotifications" name="test_get_notifications" time="0.047" /><testcase classname="tests.test_comprehensive_regression.TestNotifications" name="test_get_unread_count" time="0.052" /><testcase classname="tests.test_comprehensive_regression.TestParkingConfig" name="test_get_parking_config" time="0.105" /><testcase classname="tests.test_comprehensive_regression.TestSiteContent" name="test_get_site_content" time="0.142" /></testsuite></testsuites>