<?xml version="1.0" encoding="utf-8"?><testsuites name="pytest tests"><testsuite name="pytest" errors="0" failures="0" skipped="4" tests="23" time="6.771" timestamp="2026-03-17T11:09:43.831244+00:00" hostname="agent-env-198dcc39-ea0c-4341-ba66-c48de68df6b9"><testcase classname="backend.tests.test_ui_enhancements.TestCharacterLimits" name="test_user_first_name_within_limit" time="0.975" /><testcase classname="backend.tests.test_ui_enhancements.TestCharacterLimits" name="test_user_first_name_exceeds_limit" time="0.134" /><testcase classname="backend.tests.test_ui_enhancements.TestCharacterLimits" name="test_user_last_name_within_limit" time="0.459" /><testcase classname="backend.tests.test_ui_enhancements.TestCharacterLimits" name="test_user_last_name_exceeds_limit" time="0.111" /><testcase classname="backend.tests.test_ui_enhancements.TestCharacterLimits" name="test_user_company_within_limit" time="0.433" /><testcase classname="backend.tests.test_ui_enhancements.TestCharacterLimits" name="test_user_company_exceeds_limit" time="0.112" /><testcase classname="backend.tests.test_ui_enhancements.TestBuildingCharacterLimits" name="test_building_name_within_limit" time="0.583" /><testcase classname="backend.tests.test_ui_enhancements.TestBuildingCharacterLimits" name="test_building_name_exceeds_limit" time="0.148" /><testcase classname="backend.tests.test_ui_enhancements.TestBuildingCharacterLimits" name="test_address_line1_within_limit" time="0.211" /><testcase classname="backend.tests.test_ui_enhancements.TestBuildingCharacterLimits" name="test_address_line1_exceeds_limit" time="0.109" /><testcase classname="backend.tests.test_ui_enhancements.TestBuildingCharacterLimits" name="test_address_line2_within_limit" time="0.220" /><testcase classname="backend.tests.test_ui_enhancements.TestBuildingCharacterLimits" name="test_address_line2_exceeds_limit" time="0.104" /><testcase classname="backend.tests.test_ui_enhancements.TestFloorCharacterLimits" name="test_floor_label_within_limit" time="0.587" /><testcase classname="backend.tests.test_ui_enhancements.TestFloorCharacterLimits" name="test_floor_label_exceeds_limit" time="0.227" /><testcase classname="backend.tests.test_ui_enhancements.TestZoneCharacterLimits" name="test_zone_name_within_limit" time="0.677" /><testcase classname="backend.tests.test_ui_enhancements.TestZoneCharacterLimits" name="test_zone_name_exceeds_limit" time="0.130" /><testcase classname="backend.tests.test_ui_enhancements.TestVehicleCharacterLimits" name="test_plate_number_within_limit" time="0.558" /><testcase classname="backend.tests.test_ui_enhancements.TestVehicleCharacterLimits" name="test_plate_number_exceeds_limit" time="0.114" /><testcase classname="backend.tests.test_ui_enhancements.TestEditBuilding" name="test_edit_building_name" time="0.106"><skipped type="pytest.skip" message="Admin authentication failed">/app/backend/tests/test_ui_enhancements.py:377: Admin authentication failed</skipped></testcase><testcase classname="backend.tests.test_ui_enhancements.TestEditBuilding" name="test_edit_building_address_lines" time="0.000"><skipped type="pytest.skip" message="Admin authentication failed">/app/backend/tests/test_ui_enhancements.py:387: Admin authentication failed</skipped></testcase><testcase classname="backend.tests.test_ui_enhancements.TestEditBuilding" name="test_edit_building_not_found" time="0.000"><skipped type="pytest.skip" message="Admin authentication failed">/app/backend/tests/test_ui_enhancements.py:401: Admin authentication failed</skipped></testcase><testcase classname="backend.tests.test_ui_enhancements.TestReservationsPagination" name="test_admin_get_all_reservations" time="0.122"><skipped type="pytest.skip" message="Admin authentication failed">/app/backend/tests/test_ui_enhancements.py:426: Admin authentication failed</skipped></testcase><testcase classname="backend.tests.test_ui_enhancements.TestCompanyFilter" name="test_get_users_with_company" time="0.438" /></testsuite></testsuites>