<?xml version="1.0" encoding="utf-8"?><testsuites name="pytest tests"><testsuite name="pytest" errors="0" failures="0" skipped="0" tests="15" time="2.531" timestamp="2026-02-10T09:25:57.815101+00:00" hostname="agent-env-ce78b27a-5de8-4968-9910-c876247c9ebd"><testcase classname="backend.tests.test_zone_management.TestZoneCRUD" name="test_get_zones_empty_or_list" time="0.314" /><testcase classname="backend.tests.test_zone_management.TestZoneCRUD" name="test_create_zone_with_users" time="0.194" /><testcase classname="backend.tests.test_zone_management.TestZoneCRUD" name="test_update_zone_add_remove_users" time="0.227" /><testcase classname="backend.tests.test_zone_management.TestZoneCRUD" name="test_delete_zone_syncs_buildings" time="0.147" /><testcase classname="backend.tests.test_zone_management.TestZoneCRUD" name="test_update_zone_not_found" time="0.037" /><testcase classname="backend.tests.test_zone_management.TestZoneCRUD" name="test_delete_zone_not_found" time="0.036" /><testcase classname="backend.tests.test_zone_management.TestZoneUserBuildingsEndpoint" name="test_get_user_buildings_no_zones" time="0.300" /><testcase classname="backend.tests.test_zone_management.TestZoneUserBuildingsEndpoint" name="test_get_user_buildings_with_zone" time="0.114" /><testcase classname="backend.tests.test_zone_management.TestZoneEnforcement" name="test_booking_building_without_zones_succeeds" time="0.269" /><testcase classname="backend.tests.test_zone_management.TestZoneEnforcement" name="test_booking_building_with_zones_nonassigned_user_fails" time="0.143" /><testcase classname="backend.tests.test_zone_management.TestZoneEnforcement" name="test_booking_building_with_zones_assigned_user_succeeds" time="0.249" /><testcase classname="backend.tests.test_zone_management.TestZoneEnforcement" name="test_admin_can_book_regardless_of_zones" time="0.279" /><testcase classname="backend.tests.test_zone_management.TestZoneAPIAccess" name="test_user_cannot_access_zones_list" time="0.039" /><testcase classname="backend.tests.test_zone_management.TestZoneAPIAccess" name="test_user_cannot_create_zone" time="0.036" /><testcase classname="backend.tests.test_zone_management.TestZoneAPIAccess" name="test_user_can_access_own_buildings" time="0.076" /></testsuite></testsuites>