<?xml version="1.0" encoding="utf-8"?><testsuites name="pytest tests"><testsuite name="pytest" errors="3" failures="0" skipped="0" tests="16" time="4.422" timestamp="2026-02-19T06:00:56.483547+00:00" hostname="agent-env-ecfac670-0684-4f7f-ac4f-cd6ad73db0ae"><testcase classname="backend.tests.test_password_features.TestPasswordFeatures" name="test_01_admin_login_returns_must_change_password_field" time="0.508" /><testcase classname="backend.tests.test_password_features.TestPasswordFeatures" name="test_02_admin_create_user_sets_must_change_password_true" time="0.274" /><testcase classname="backend.tests.test_password_features.TestPasswordFeatures" name="test_03_login_as_new_user_returns_must_change_password" time="0.333" /><testcase classname="backend.tests.test_password_features.TestPasswordFeatures" name="test_04_new_user_auth_me_shows_must_change_password" time="0.384" /><testcase classname="backend.tests.test_password_features.TestPasswordFeatures" name="test_05_change_password_sets_must_change_password_false" time="0.661" /><testcase classname="backend.tests.test_password_features.TestPasswordFeatures" name="test_06_can_login_with_new_password" time="0.333" /><testcase classname="backend.tests.test_password_features.TestPasswordFeatures" name="test_07_admin_reset_password_sets_must_change_password_true" time="0.366" /><testcase classname="backend.tests.test_password_features.TestPasswordFeatures" name="test_08_user_login_after_admin_reset_shows_must_change_password" time="0.331" /><testcase classname="backend.tests.test_password_features.TestPasswordFeatures" name="test_09_cleanup_test_user" time="0.112" /><testcase classname="backend.tests.test_password_features.TestPasswordValidation" name="test_change_password_requires_uppercase" time="0.372" /><testcase classname="backend.tests.test_password_features.TestPasswordValidation" name="test_change_password_requires_lowercase" time="0.048" /><testcase classname="backend.tests.test_password_features.TestPasswordValidation" name="test_change_password_requires_digit" time="0.049" /><testcase classname="backend.tests.test_password_features.TestPasswordValidation" name="test_change_password_requires_min_length" time="0.053" /><testcase classname="backend.tests.test_password_features.TestAdminResetPasswordEndpoint" name="test_admin_can_reset_user_password" time="0.114"><error message="failed on setup with &quot;assert 429 == 200&#10; +  where 429 = &lt;Response [429]&gt;.status_code&quot;">backend/tests/test_password_features.py:276: in admin_session
    assert response.status_code == 200
E   assert 429 == 200
E    +  where 429 = &lt;Response [429]&gt;.status_code</error></testcase><testcase classname="backend.tests.test_password_features.TestAdminResetPasswordEndpoint" name="test_non_admin_cannot_reset_password" time="0.345"><error message="failed on setup with &quot;assert 429 == 200&#10; +  where 429 = &lt;Response [429]&gt;.status_code&quot;">backend/tests/test_password_features.py:276: in admin_session
    assert response.status_code == 200
E   assert 429 == 200
E    +  where 429 = &lt;Response [429]&gt;.status_code</error></testcase><testcase classname="backend.tests.test_password_features.TestAdminResetPasswordEndpoint" name="test_reset_password_for_nonexistent_user" time="0.001"><error message="failed on setup with &quot;assert 429 == 200&#10; +  where 429 = &lt;Response [429]&gt;.status_code&quot;">backend/tests/test_password_features.py:276: in admin_session
    assert response.status_code == 200
E   assert 429 == 200
E    +  where 429 = &lt;Response [429]&gt;.status_code</error></testcase></testsuite></testsuites>