<?xml version="1.0" encoding="utf-8"?><testsuites name="pytest tests"><testsuite name="pytest" errors="0" failures="0" skipped="0" tests="14" time="15.592" timestamp="2026-04-24T10:04:39.532272+00:00" hostname="agent-env-198dcc39-ea0c-4341-ba66-c48de68df6b9"><testcase classname="backend.tests.test_db_abstraction.TestAuth" name="test_login_admin" time="1.547" /><testcase classname="backend.tests.test_db_abstraction.TestAuth" name="test_login_bad_creds" time="0.324" /><testcase classname="backend.tests.test_db_abstraction.TestAuth" name="test_auth_me" time="1.259" /><testcase classname="backend.tests.test_db_abstraction.TestAuth" name="test_logout" time="1.242" /><testcase classname="backend.tests.test_db_abstraction.TestDbInfo" name="test_unauthenticated_blocked" time="0.097" /><testcase classname="backend.tests.test_db_abstraction.TestDbInfo" name="test_non_admin_forbidden" time="2.053" /><testcase classname="backend.tests.test_db_abstraction.TestDbInfo" name="test_admin_payload_shape" time="0.497" /><testcase classname="backend.tests.test_db_abstraction.TestUsers" name="test_list_users" time="0.928" /><testcase classname="backend.tests.test_db_abstraction.TestBuildings" name="test_list_buildings_nested" time="1.385" /><testcase classname="backend.tests.test_db_abstraction.TestReadOnly" name="test_reservations_list" time="2.260" /><testcase classname="backend.tests.test_db_abstraction.TestReadOnly" name="test_reports_stats" time="1.817" /><testcase classname="backend.tests.test_db_abstraction.TestReadOnly" name="test_notifications" time="0.707" /><testcase classname="backend.tests.test_db_abstraction.TestReadOnly" name="test_zones" time="0.708" /><testcase classname="backend.tests.test_db_abstraction.TestReadOnly" name="test_vehicles" time="0.714" /></testsuite></testsuites>