<?xml version="1.0" encoding="utf-8"?><testsuites name="pytest tests"><testsuite name="pytest" errors="0" failures="0" skipped="0" tests="14" time="3.096" timestamp="2026-02-10T08:27:19.012336+00:00" hostname="agent-env-ce78b27a-5de8-4968-9910-c876247c9ebd"><testcase classname="backend.tests.test_slot_management.TestBuildingCreationWithSlotPrefix" name="test_create_building_with_custom_slot_prefix" time="0.384" /><testcase classname="backend.tests.test_slot_management.TestBuildingCreationWithSlotPrefix" name="test_create_building_without_prefix_uses_floor_default" time="0.135" /><testcase classname="backend.tests.test_slot_management.TestFloorCreationWithCustomLabels" name="test_add_floor_with_slot_labels" time="0.346" /><testcase classname="backend.tests.test_slot_management.TestFloorCreationWithCustomLabels" name="test_add_floor_with_slot_prefix" time="0.160" /><testcase classname="backend.tests.test_slot_management.TestBulkSlotAddition" name="test_add_slots_with_custom_labels" time="0.340" /><testcase classname="backend.tests.test_slot_management.TestBulkSlotAddition" name="test_add_slots_with_prefix_and_count" time="0.074" /><testcase classname="backend.tests.test_slot_management.TestBulkSlotAddition" name="test_add_slots_validation_error" time="0.162" /><testcase classname="backend.tests.test_slot_management.TestSlotRename" name="test_rename_slot_success" time="0.381" /><testcase classname="backend.tests.test_slot_management.TestSlotRename" name="test_rename_nonexistent_slot_fails" time="0.078" /><testcase classname="backend.tests.test_slot_management.TestSlotDelete" name="test_delete_slot_success" time="0.417" /><testcase classname="backend.tests.test_slot_management.TestSlotDelete" name="test_delete_nonexistent_slot_fails" time="0.042" /><testcase classname="backend.tests.test_slot_management.TestSlotDelete" name="test_delete_slot_with_active_reservation_fails" time="0.170" /><testcase classname="backend.tests.test_slot_management.TestFloorNotFound" name="test_add_floor_to_nonexistent_building" time="0.298" /><testcase classname="backend.tests.test_slot_management.TestFloorNotFound" name="test_add_slots_to_nonexistent_floor" time="0.039" /></testsuite></testsuites>