<?xml version="1.0" encoding="utf-8"?><testsuites name="pytest tests"><testsuite name="pytest" errors="0" failures="0" skipped="0" tests="34" time="4.734" timestamp="2026-02-28T05:17:38.731724+00:00" hostname="agent-env-783d736a-1745-4f17-9ef9-662279f1bf3b"><testcase classname="backend.tests.test_blocked_cases_iteration29.TestDashboardStats" name="test_dashboard_loads_no_auth_error" time="0.459" /><testcase classname="backend.tests.test_blocked_cases_iteration29.TestDashboardStats" name="test_dashboard_has_total_users" time="0.053" /><testcase classname="backend.tests.test_blocked_cases_iteration29.TestDashboardStats" name="test_dashboard_total_user_count_matches_users_api" time="0.104" /><testcase classname="backend.tests.test_blocked_cases_iteration29.TestDashboardStats" name="test_dashboard_total_building_count" time="0.109" /><testcase classname="backend.tests.test_blocked_cases_iteration29.TestDashboardStats" name="test_dashboard_has_required_ui_elements_data" time="0.054" /><testcase classname="backend.tests.test_blocked_cases_iteration29.TestUserManagementAPI" name="test_get_users_returns_list" time="0.050" /><testcase classname="backend.tests.test_blocked_cases_iteration29.TestUserManagementAPI" name="test_create_user_with_required_fields_only" time="0.271" /><testcase classname="backend.tests.test_blocked_cases_iteration29.TestUserManagementAPI" name="test_create_user_persisted_in_db" time="0.054" /><testcase classname="backend.tests.test_blocked_cases_iteration29.TestUserManagementAPI" name="test_duplicate_email_returns_400" time="0.049" /><testcase classname="backend.tests.test_blocked_cases_iteration29.TestUserManagementAPI" name="test_missing_required_email_returns_422" time="0.089" /><testcase classname="backend.tests.test_blocked_cases_iteration29.TestUserManagementAPI" name="test_cleanup_created_test_user" time="0.099" /><testcase classname="backend.tests.test_blocked_cases_iteration29.TestCSVTemplate" name="test_csv_template_download_returns_200" time="0.050" /><testcase classname="backend.tests.test_blocked_cases_iteration29.TestCSVTemplate" name="test_csv_template_content_type" time="0.051" /><testcase classname="backend.tests.test_blocked_cases_iteration29.TestCSVTemplate" name="test_csv_template_has_required_columns" time="0.048" /><testcase classname="backend.tests.test_blocked_cases_iteration29.TestCSVTemplate" name="test_csv_template_has_disposition_header" time="0.049" /><testcase classname="backend.tests.test_blocked_cases_iteration29.TestBulkUpload" name="test_bulk_upload_valid_csv" time="0.323" /><testcase classname="backend.tests.test_blocked_cases_iteration29.TestBulkUpload" name="test_bulk_upload_skip_existing_emails" time="0.335" /><testcase classname="backend.tests.test_blocked_cases_iteration29.TestBulkUpload" name="test_bulk_upload_cleanup" time="0.159" /><testcase classname="backend.tests.test_blocked_cases_iteration29.TestReservationCancellation" name="test_reservation_cancellation_releases_slot" time="0.212" /><testcase classname="backend.tests.test_blocked_cases_iteration29.TestBlockedUserLogin" name="test_blocked_user_returns_403" time="0.489" /><testcase classname="backend.tests.test_blocked_cases_iteration29.TestSidebarNavigation" name="test_admin_routes_accessible" time="0.054" /><testcase classname="backend.tests.test_blocked_cases_iteration29.TestSidebarNavigation" name="test_buildings_api_accessible" time="0.049" /><testcase classname="backend.tests.test_blocked_cases_iteration29.TestSidebarNavigation" name="test_zones_api_accessible" time="0.064" /><testcase classname="backend.tests.test_blocked_cases_iteration29.TestSidebarNavigation" name="test_parking_config_accessible" time="0.108" /><testcase classname="backend.tests.test_blocked_cases_iteration29.TestSidebarNavigation" name="test_reservations_api_accessible" time="0.059" /><testcase classname="backend.tests.test_blocked_cases_iteration29.TestAttendantFeatures" name="test_attendant_login_works" time="0.328" /><testcase classname="backend.tests.test_blocked_cases_iteration29.TestAttendantFeatures" name="test_attendant_can_access_dashboard" time="0.534" /><testcase classname="backend.tests.test_blocked_cases_iteration29.TestUserManagementFilters" name="test_users_have_role_field" time="0.050" /><testcase classname="backend.tests.test_blocked_cases_iteration29.TestUserManagementFilters" name="test_users_have_company_field" time="0.052" /><testcase classname="backend.tests.test_blocked_cases_iteration29.TestUserManagementFilters" name="test_zones_have_user_ids" time="0.051" /><testcase classname="backend.tests.test_blocked_cases_iteration29.TestUserManagementFilters" name="test_users_have_main_building_field" time="0.053" /><testcase classname="backend.tests.test_blocked_cases_iteration29.TestUserManagementFilters" name="test_search_returns_correct_users" time="0.054" /><testcase classname="backend.tests.test_blocked_cases_iteration29.TestUserManagementFilters" name="test_exact_full_name_search" time="0.047" /><testcase classname="backend.tests.test_blocked_cases_iteration29.TestUserManagementFilters" name="test_multiple_filters_logic" time="0.055" /></testsuite></testsuites>