<?xml version="1.0" encoding="utf-8"?><testsuites name="pytest tests"><testsuite name="pytest" errors="0" failures="0" skipped="0" tests="12" time="1.395" timestamp="2026-02-22T07:37:54.599991+00:00" hostname="agent-env-7b71d46d-7648-4d4a-a69c-519616092b36"><testcase classname="backend.tests.test_user_management_improvements.TestUserManagementImprovements" name="test_users_response_has_updated_at_field" time="0.409" /><testcase classname="backend.tests.test_user_management_improvements.TestUserManagementImprovements" name="test_bulk_set_building_success" time="0.161" /><testcase classname="backend.tests.test_user_management_improvements.TestUserManagementImprovements" name="test_bulk_set_building_empty_user_ids" time="0.053" /><testcase classname="backend.tests.test_user_management_improvements.TestUserManagementImprovements" name="test_bulk_set_building_remove" time="0.052" /><testcase classname="backend.tests.test_user_management_improvements.TestUserManagementImprovements" name="test_bulk_assign_zone_success" time="0.106" /><testcase classname="backend.tests.test_user_management_improvements.TestUserManagementImprovements" name="test_bulk_assign_zone_invalid_zone" time="0.049" /><testcase classname="backend.tests.test_user_management_improvements.TestUserManagementImprovements" name="test_bulk_assign_zone_empty_user_ids" time="0.055" /><testcase classname="backend.tests.test_user_management_improvements.TestUserManagementImprovements" name="test_users_template_has_new_columns" time="0.050" /><testcase classname="backend.tests.test_user_management_improvements.TestUserManagementImprovements" name="test_updated_at_set_after_bulk_update" time="0.104" /><testcase classname="backend.tests.test_user_management_improvements.TestUserManagementAPIAuth" name="test_bulk_set_building_requires_auth" time="0.106" /><testcase classname="backend.tests.test_user_management_improvements.TestUserManagementAPIAuth" name="test_bulk_assign_zone_requires_auth" time="0.103" /><testcase classname="backend.tests.test_user_management_improvements.TestUserManagementAPIAuth" name="test_template_requires_auth" time="0.091" /></testsuite></testsuites>