<?xml version="1.0" encoding="utf-8"?><testsuites name="pytest tests"><testsuite name="pytest" errors="0" failures="0" skipped="0" tests="14" time="6.929" timestamp="2026-03-19T10:52:49.935920+00:00" hostname="agent-env-198dcc39-ea0c-4341-ba66-c48de68df6b9"><testcase classname="tests.test_security_vapt_remediations.TestV07_APIVersionExposure" name="test_api_root_no_version" time="0.244" /><testcase classname="tests.test_security_vapt_remediations.TestV02_V06_BuildingAccess" name="test_admin_sees_all_buildings" time="0.483" /><testcase classname="tests.test_security_vapt_remediations.TestV02_V06_BuildingAccess" name="test_user_sees_limited_buildings" time="0.606" /><testcase classname="tests.test_security_vapt_remediations.TestV02_V06_BuildingAccess" name="test_attendant_sees_only_assigned_buildings" time="0.874" /><testcase classname="tests.test_security_vapt_remediations.TestV01_BulkUploadAdminRole" name="test_bulk_upload_admin_role_blocked" time="0.557" /><testcase classname="tests.test_security_vapt_remediations.TestV01_BulkUploadAdminRole" name="test_bulk_upload_user_role_allowed" time="0.566" /><testcase classname="tests.test_security_vapt_remediations.TestV01_BulkUploadAdminRole" name="test_bulk_upload_attendant_role_allowed" time="0.549" /><testcase classname="tests.test_security_vapt_remediations.TestV08_CSVInjection" name="test_csv_injection_equals_sanitized" time="0.562" /><testcase classname="tests.test_security_vapt_remediations.TestV08_CSVInjection" name="test_csv_injection_plus_sanitized" time="0.533" /><testcase classname="tests.test_security_vapt_remediations.TestV08_CSVInjection" name="test_csv_injection_minus_sanitized" time="0.605" /><testcase classname="tests.test_security_vapt_remediations.TestV08_CSVInjection" name="test_csv_injection_at_sanitized" time="0.609" /><testcase classname="tests.test_security_vapt_remediations.TestV08_CSVInjection" name="test_normal_names_not_modified" time="0.548" /><testcase classname="tests.test_security_vapt_remediations.TestV03_CORSConfiguration" name="test_cors_headers_present" time="0.076" /><testcase classname="tests.test_security_vapt_remediations.TestSanitizeCsvFieldFunction" name="test_sanitize_function_logic" time="0.000" /></testsuite></testsuites>