<?xml version="1.0" encoding="utf-8"?><testsuites name="pytest tests"><testsuite name="pytest" errors="0" failures="0" skipped="0" tests="11" time="6.241" timestamp="2026-02-28T04:50:35.928254+00:00" hostname="agent-env-783d736a-1745-4f17-9ef9-662279f1bf3b"><testcase classname="backend.tests.test_bugfixes_iteration28.TestBlockedUserLogin" name="test_normal_user_can_login" time="0.487" /><testcase classname="backend.tests.test_bugfixes_iteration28.TestBlockedUserLogin" name="test_block_user_api" time="0.557" /><testcase classname="backend.tests.test_bugfixes_iteration28.TestBlockedUserLogin" name="test_blocked_user_gets_403" time="0.638" /><testcase classname="backend.tests.test_bugfixes_iteration28.TestBlockedUserLogin" name="test_unblocked_user_can_login_again" time="0.570" /><testcase classname="backend.tests.test_bugfixes_iteration28.TestSamePasswordChange" name="test_change_to_same_password_returns_400" time="0.911" /><testcase classname="backend.tests.test_bugfixes_iteration28.TestSamePasswordChange" name="test_change_to_different_password_works" time="1.884" /><testcase classname="backend.tests.test_bugfixes_iteration28.TestNoUnknownBuildings" name="test_reports_no_unknown_buildings" time="0.134" /><testcase classname="backend.tests.test_bugfixes_iteration28.TestNoUnknownBuildings" name="test_reports_stats_structure" time="0.115" /><testcase classname="backend.tests.test_bugfixes_iteration28.TestLoginValidation" name="test_empty_email_returns_error" time="0.104" /><testcase classname="backend.tests.test_bugfixes_iteration28.TestLoginValidation" name="test_empty_password_returns_error" time="0.334" /><testcase classname="backend.tests.test_bugfixes_iteration28.TestLoginValidation" name="test_wrong_credentials_returns_401" time="0.321" /></testsuite></testsuites>