<?xml version="1.0" encoding="utf-8"?><testsuites name="pytest tests"><testsuite name="pytest" errors="0" failures="0" skipped="0" tests="9" time="3.180" timestamp="2026-02-19T02:01:08.296986+00:00" hostname="agent-env-ecfac670-0684-4f7f-ac4f-cd6ad73db0ae"><testcase classname="backend.tests.test_new_features.TestUserBookingStats" name="test_stats_endpoint_returns_200" time="0.529" /><testcase classname="backend.tests.test_new_features.TestUserBookingStats" name="test_stats_has_required_keys" time="0.059" /><testcase classname="backend.tests.test_new_features.TestUserBookingStats" name="test_stats_values_are_non_negative" time="0.063" /><testcase classname="backend.tests.test_new_features.TestUserBookingStats" name="test_stats_requires_auth" time="0.141" /><testcase classname="backend.tests.test_new_features.TestAutoNoShowTask" name="test_no_show_status_exists_in_reservations" time="0.439" /><testcase classname="backend.tests.test_new_features.TestAutoNoShowTask" name="test_auto_noshow_task_marked_past_reservations" time="0.444" /><testcase classname="backend.tests.test_new_features.TestAutoNoShowTask" name="test_confirmed_reservations_not_auto_marked_as_noshow" time="0.061" /><testcase classname="backend.tests.test_new_features.TestReservationCreationWithNoShow" name="test_new_reservation_is_pending_not_noshow" time="0.732" /><testcase classname="backend.tests.test_new_features.TestStatsMatchesReservations" name="test_stats_match_reservation_counts" time="0.651" /></testsuite></testsuites>