<?xml version="1.0" encoding="utf-8"?><testsuites name="pytest tests"><testsuite name="pytest" errors="0" failures="5" skipped="0" tests="16" time="5.403" timestamp="2026-02-19T01:14:01.577936+00:00" hostname="agent-env-ecfac670-0684-4f7f-ac4f-cd6ad73db0ae"><testcase classname="backend.tests.test_cookie_auth_qr.TestM2HttpOnlyCookieAuth" name="test_login_sets_httponly_cookie" time="0.582" /><testcase classname="backend.tests.test_cookie_auth_qr.TestM2HttpOnlyCookieAuth" name="test_login_returns_user_data_in_response" time="0.382" /><testcase classname="backend.tests.test_cookie_auth_qr.TestM2HttpOnlyCookieAuth" name="test_register_sets_httponly_cookie" time="0.368" /><testcase classname="backend.tests.test_cookie_auth_qr.TestM2HttpOnlyCookieAuth" name="test_cookie_auth_works_for_me_endpoint" time="0.462" /><testcase classname="backend.tests.test_cookie_auth_qr.TestM2HttpOnlyCookieAuth" name="test_logout_clears_cookie" time="0.560" /><testcase classname="backend.tests.test_cookie_auth_qr.TestM2HttpOnlyCookieAuth" name="test_cookie_auth_works_for_reservations" time="0.438" /><testcase classname="backend.tests.test_cookie_auth_qr.TestM2HttpOnlyCookieAuth" name="test_cookie_auth_works_for_vehicles" time="0.447" /><testcase classname="backend.tests.test_cookie_auth_qr.TestM2HttpOnlyCookieAuth" name="test_cookie_has_secure_attributes" time="0.133"><failure message="assert 429 == 200&#10; +  where 429 = &lt;Response [429]&gt;.status_code">backend/tests/test_cookie_auth_qr.py:173: in test_cookie_has_secure_attributes
    assert response.status_code == 200
E   assert 429 == 200
E    +  where 429 = &lt;Response [429]&gt;.status_code</failure></testcase><testcase classname="backend.tests.test_cookie_auth_qr.TestM4QRCodeTokenLookup" name="test_qr_endpoint_returns_token" time="0.127"><failure message="assert 429 == 200&#10; +  where 429 = &lt;Response [429]&gt;.status_code">backend/tests/test_cookie_auth_qr.py:195: in test_qr_endpoint_returns_token
    assert login_response.status_code == 200
E   assert 429 == 200
E    +  where 429 = &lt;Response [429]&gt;.status_code</failure></testcase><testcase classname="backend.tests.test_cookie_auth_qr.TestM4QRCodeTokenLookup" name="test_scan_endpoint_returns_reservation_details" time="0.641" /><testcase classname="backend.tests.test_cookie_auth_qr.TestM4QRCodeTokenLookup" name="test_invalid_qr_token_returns_404" time="0.144" /><testcase classname="backend.tests.test_cookie_auth_qr.TestM4QRCodeTokenLookup" name="test_qr_token_is_unique_per_reservation" time="0.123"><failure message="assert 429 == 200&#10; +  where 429 = &lt;Response [429]&gt;.status_code">backend/tests/test_cookie_auth_qr.py:278: in test_qr_token_is_unique_per_reservation
    assert login_response.status_code == 200
E   assert 429 == 200
E    +  where 429 = &lt;Response [429]&gt;.status_code</failure></testcase><testcase classname="backend.tests.test_cookie_auth_qr.TestM4QRCodeTokenLookup" name="test_scan_endpoint_is_public" time="0.111" /><testcase classname="backend.tests.test_cookie_auth_qr.TestCookieAuthAdminOperations" name="test_admin_can_list_users_with_cookie" time="0.459" /><testcase classname="backend.tests.test_cookie_auth_qr.TestCookieAuthAdminOperations" name="test_admin_can_list_buildings_with_cookie" time="0.132"><failure message="assert 429 == 200&#10; +  where 429 = &lt;Response [429]&gt;.status_code">backend/tests/test_cookie_auth_qr.py:334: in test_admin_can_list_buildings_with_cookie
    assert login_response.status_code == 200
E   assert 429 == 200
E    +  where 429 = &lt;Response [429]&gt;.status_code</failure></testcase><testcase classname="backend.tests.test_cookie_auth_qr.TestAttendantCookieAuth" name="test_attendant_can_access_daily_reservations" time="0.176"><failure message="assert 429 == 200&#10; +  where 429 = &lt;Response [429]&gt;.status_code">backend/tests/test_cookie_auth_qr.py:351: in test_attendant_can_access_daily_reservations
    assert login_response.status_code == 200
E   assert 429 == 200
E    +  where 429 = &lt;Response [429]&gt;.status_code</failure></testcase></testsuite></testsuites>