<?xml version="1.0" encoding="utf-8"?><testsuites name="pytest tests"><testsuite name="pytest" errors="0" failures="0" skipped="0" tests="14" time="2.934" timestamp="2026-02-23T10:37:42.195551+00:00" hostname="agent-env-b40b09b9-8932-4a10-ba07-8ddcb5b1cb4f"><testcase classname="tests.test_building_policies.TestBuildingPoliciesAPI" name="test_get_building_policies_list" time="0.521" /><testcase classname="tests.test_building_policies.TestBuildingPoliciesAPI" name="test_get_pacific_star_policy" time="0.109" /><testcase classname="tests.test_building_policies.TestBuildingPoliciesAPI" name="test_update_building_policy" time="0.126" /><testcase classname="tests.test_building_policies.TestSlotRegistrationsAPI" name="test_get_slot_registrations" time="0.053" /><testcase classname="tests.test_building_policies.TestSlotRegistrationsAPI" name="test_get_user_slot_registrations" time="0.445" /><testcase classname="tests.test_building_policies.TestSlotRegistrationsAPI" name="test_create_and_delete_slot_registration" time="0.160" /><testcase classname="tests.test_building_policies.TestDedicatedSlotBookingRestrictions" name="test_maria_sees_only_assigned_slot_on_b1" time="0.061" /><testcase classname="tests.test_building_policies.TestDedicatedSlotBookingRestrictions" name="test_maria_sees_all_slots_on_open_floor_b3" time="0.051" /><testcase classname="tests.test_building_policies.TestDedicatedSlotBookingRestrictions" name="test_pedro_cannot_book_dedicated_floor" time="0.412" /><testcase classname="tests.test_building_policies.TestDedicatedSlotBookingRestrictions" name="test_pedro_can_book_open_floor_b3" time="0.057" /><testcase classname="tests.test_building_policies.TestDedicatedSlotBookingRestrictions" name="test_rosa_gets_403_when_booking" time="0.535" /><testcase classname="tests.test_building_policies.TestAuthProtection" name="test_building_policies_requires_auth" time="0.116" /><testcase classname="tests.test_building_policies.TestAuthProtection" name="test_slot_registrations_requires_auth" time="0.105" /><testcase classname="tests.test_building_policies.TestAuthProtection" name="test_create_registration_requires_admin" time="0.050" /></testsuite></testsuites>