<?xml version="1.0" encoding="utf-8"?><testsuites name="pytest tests"><testsuite name="pytest" errors="0" failures="0" skipped="0" tests="34" time="4.810" timestamp="2026-02-20T13:29:00.649345+00:00" hostname="agent-env-25132e1a-92a4-4611-bcbc-4c99c20a12b1"><testcase classname="tests.test_refactoring_regression.TestHealthAndRoot" name="test_api_root" time="0.241" /><testcase classname="tests.test_refactoring_regression.TestAuthEndpoints" name="test_01_login_admin_success" time="0.441" /><testcase classname="tests.test_refactoring_regression.TestAuthEndpoints" name="test_02_login_user_success" time="0.432" /><testcase classname="tests.test_refactoring_regression.TestAuthEndpoints" name="test_03_login_attendant_success" time="0.441" /><testcase classname="tests.test_refactoring_regression.TestAuthEndpoints" name="test_04_auth_me_returns_minimal_response" time="0.066" /><testcase classname="tests.test_refactoring_regression.TestAuthEndpoints" name="test_05_auth_me_unauthenticated" time="0.109" /><testcase classname="tests.test_refactoring_regression.TestUserEndpoints" name="test_01_get_users" time="0.051" /><testcase classname="tests.test_refactoring_regression.TestUserEndpoints" name="test_02_create_and_delete_user" time="0.326" /><testcase classname="tests.test_refactoring_regression.TestUserEndpoints" name="test_03_block_unblock_user" time="0.187" /><testcase classname="tests.test_refactoring_regression.TestUserEndpoints" name="test_04_update_user_tags" time="0.198" /><testcase classname="tests.test_refactoring_regression.TestAdminReservations" name="test_get_admin_reservations" time="0.072" /><testcase classname="tests.test_refactoring_regression.TestVehicleEndpoints" name="test_01_get_vehicles" time="0.095" /><testcase classname="tests.test_refactoring_regression.TestVehicleEndpoints" name="test_02_create_and_delete_vehicle" time="0.185" /><testcase classname="tests.test_refactoring_regression.TestBuildingEndpoints" name="test_01_get_buildings" time="0.090" /><testcase classname="tests.test_refactoring_regression.TestBuildingEndpoints" name="test_02_get_available_slots" time="0.227" /><testcase classname="tests.test_refactoring_regression.TestReservationEndpoints" name="test_01_get_reservations" time="0.077" /><testcase classname="tests.test_refactoring_regression.TestReservationEndpoints" name="test_02_get_reservation_stats" time="0.089" /><testcase classname="tests.test_refactoring_regression.TestZoneEndpoints" name="test_01_get_zones" time="0.087" /><testcase classname="tests.test_refactoring_regression.TestZoneEndpoints" name="test_02_get_user_buildings" time="0.071" /><testcase classname="tests.test_refactoring_regression.TestParkingConfigEndpoints" name="test_get_parking_config" time="0.115" /><testcase classname="tests.test_refactoring_regression.TestReportsEndpoints" name="test_get_reports_stats" time="0.061" /><testcase classname="tests.test_refactoring_regression.TestAttendantEndpoints" name="test_01_get_daily_reservations" time="0.080" /><testcase classname="tests.test_refactoring_regression.TestAttendantEndpoints" name="test_02_get_attendant_buildings" time="0.067" /><testcase classname="tests.test_refactoring_regression.TestNotificationEndpoints" name="test_01_get_notifications" time="0.098" /><testcase classname="tests.test_refactoring_regression.TestNotificationEndpoints" name="test_02_get_unread_count" time="0.094" /><testcase classname="tests.test_refactoring_regression.TestNotificationEndpoints" name="test_03_mark_all_read" time="0.079" /><testcase classname="tests.test_refactoring_regression.TestTemplateEndpoints" name="test_01_get_users_template" time="0.059" /><testcase classname="tests.test_refactoring_regression.TestTemplateEndpoints" name="test_02_get_buildings_template" time="0.072" /><testcase classname="tests.test_refactoring_regression.TestTemplateEndpoints" name="test_03_get_zones_template" time="0.058" /><testcase classname="tests.test_refactoring_regression.TestSiteContentEndpoints" name="test_01_get_site_content_public" time="0.110" /><testcase classname="tests.test_refactoring_regression.TestSiteContentEndpoints" name="test_02_update_site_content_admin_only" time="0.072" /><testcase classname="tests.test_refactoring_regression.TestAuthorizationGuards" name="test_01_users_requires_admin" time="0.110" /><testcase classname="tests.test_refactoring_regression.TestAuthorizationGuards" name="test_02_zones_requires_admin" time="0.085" /><testcase classname="tests.test_refactoring_regression.TestAuthorizationGuards" name="test_03_reports_requires_admin" time="0.067" /></testsuite></testsuites>