<?xml version="1.0" encoding="utf-8"?><testsuites name="pytest tests"><testsuite name="pytest" errors="0" failures="0" skipped="0" tests="10" time="4.128" timestamp="2026-03-03T10:58:22.281208+00:00" hostname="agent-env-783d736a-1745-4f17-9ef9-662279f1bf3b"><testcase classname="backend.tests.test_qr_scanner.TestScanQREndpoint" name="test_scan_valid_token_returns_reservation_details" time="1.097" /><testcase classname="backend.tests.test_qr_scanner.TestScanQREndpoint" name="test_scan_invalid_token_returns_404" time="0.095" /><testcase classname="backend.tests.test_qr_scanner.TestScanQREndpoint" name="test_scan_requires_attendant_role" time="0.109" /><testcase classname="backend.tests.test_qr_scanner.TestScanQREndpoint" name="test_scan_requires_authentication" time="0.102" /><testcase classname="backend.tests.test_qr_scanner.TestConfirmReservationEndpoint" name="test_confirm_pending_reservation_succeeds" time="0.431" /><testcase classname="backend.tests.test_qr_scanner.TestConfirmReservationEndpoint" name="test_confirm_with_undefined_id_returns_404" time="0.107" /><testcase classname="backend.tests.test_qr_scanner.TestConfirmReservationEndpoint" name="test_confirm_requires_attendant_role" time="0.342" /><testcase classname="backend.tests.test_qr_scanner.TestQRScanFlowIntegration" name="test_full_scan_confirm_flow" time="0.657" /><testcase classname="backend.tests.test_qr_scanner.TestQRScanFlowIntegration" name="test_scan_already_confirmed_reservation" time="0.431" /><testcase classname="backend.tests.test_qr_scanner.TestDailyReservationsEndpoint" name="test_daily_reservations_reflect_confirmed_status" time="0.684" /></testsuite></testsuites>